<?xml version="1.0" encoding="UTF-8"?>
<robot generator="Robot 3.1.2 (Python 3.7.5 on win32)" generated="20200117 12:41:56.532" rpa="false">
<suite id="s1" name="Robot-Framework-Automation" source="C:\Users\JaiswalS\Downloads\Robot-Framework-Automation">
<suite id="s1-s1" name="TestSuite" source="C:\Users\JaiswalS\Downloads\Robot-Framework-Automation\TestSuite">
<suite id="s1-s1-s1" name="1.CREATE-A-COMPUTER" source="C:\Users\JaiswalS\Downloads\Robot-Framework-Automation\TestSuite\1.CREATE-A-COMPUTER.robot">
<kw name="Open Application in Browser" library="Generic" type="setup">
<kw name="Open Browser" library="Selenium2Library">
<doc>Opens a new browser instance to the optional ``url``.</doc>
<arguments>
<arg>${url}</arg>
<arg>${browser}</arg>
</arguments>
<msg timestamp="20200117 12:41:57.928" level="INFO">Opening browser 'chrome' to base url 'https://computer-database.herokuapp.com/computers'.</msg>
<msg timestamp="20200117 12:42:01.238" level="DEBUG">POST http://127.0.0.1:57145/session {"capabilities": {"firstMatch": [{}], "alwaysMatch": {"browserName": "chrome", "platformName": "any", "goog:chromeOptions": {"extensions": [], "args": []}}}, "desiredCapabilities": {"browserName": "chrome", "version": "", "platform": "ANY", "goog:chromeOptions": {"extensions": [], "args": []}}}</msg>
<msg timestamp="20200117 12:42:01.240" level="DEBUG">Starting new HTTP connection (1): 127.0.0.1:57145</msg>
<msg timestamp="20200117 12:42:07.130" level="DEBUG">http://127.0.0.1:57145 "POST /session HTTP/1.1" 200 832</msg>
<msg timestamp="20200117 12:42:07.131" level="DEBUG">Finished Request</msg>
<msg timestamp="20200117 12:42:07.132" level="DEBUG">POST http://127.0.0.1:57145/session/34ac61ac8e000943a3857b21aa733c6e/timeouts/async_script {"ms": 5000.0, "sessionId": "34ac61ac8e000943a3857b21aa733c6e"}</msg>
<msg timestamp="20200117 12:42:07.134" level="DEBUG">http://127.0.0.1:57145 "POST /session/34ac61ac8e000943a3857b21aa733c6e/timeouts/async_script HTTP/1.1" 200 72</msg>
<msg timestamp="20200117 12:42:07.134" level="DEBUG">Finished Request</msg>
<msg timestamp="20200117 12:42:07.135" level="DEBUG">POST http://127.0.0.1:57145/session/34ac61ac8e000943a3857b21aa733c6e/timeouts/implicit_wait {"ms": 0.0, "sessionId": "34ac61ac8e000943a3857b21aa733c6e"}</msg>
<msg timestamp="20200117 12:42:07.137" level="DEBUG">http://127.0.0.1:57145 "POST /session/34ac61ac8e000943a3857b21aa733c6e/timeouts/implicit_wait HTTP/1.1" 200 72</msg>
<msg timestamp="20200117 12:42:07.137" level="DEBUG">Finished Request</msg>
<msg timestamp="20200117 12:42:07.138" level="DEBUG">POST http://127.0.0.1:57145/session/34ac61ac8e000943a3857b21aa733c6e/url {"url": "https://computer-database.herokuapp.com/computers", "sessionId": "34ac61ac8e000943a3857b21aa733c6e"}</msg>
<msg timestamp="20200117 12:42:09.422" level="DEBUG">http://127.0.0.1:57145 "POST /session/34ac61ac8e000943a3857b21aa733c6e/url HTTP/1.1" 200 72</msg>
<msg timestamp="20200117 12:42:09.423" level="DEBUG">Finished Request</msg>
<msg timestamp="20200117 12:42:09.423" level="DEBUG">Opened browser with session id 34ac61ac8e000943a3857b21aa733c6e.</msg>
<status status="PASS" starttime="20200117 12:41:57.927" endtime="20200117 12:42:09.423"></status>
</kw>
<kw name="Maximize Browser Window" library="Selenium2Library">
<doc>Maximizes current browser window.</doc>
<msg timestamp="20200117 12:42:09.425" level="DEBUG">POST http://127.0.0.1:57145/session/34ac61ac8e000943a3857b21aa733c6e/window/current/maximize {"windowHandle": "current", "sessionId": "34ac61ac8e000943a3857b21aa733c6e"}</msg>
<msg timestamp="20200117 12:42:10.962" level="DEBUG">http://127.0.0.1:57145 "POST /session/34ac61ac8e000943a3857b21aa733c6e/window/current/maximize HTTP/1.1" 200 72</msg>
<msg timestamp="20200117 12:42:10.963" level="DEBUG">Finished Request</msg>
<status status="PASS" starttime="20200117 12:42:09.424" endtime="20200117 12:42:10.963"></status>
</kw>
<status status="PASS" starttime="20200117 12:41:57.925" endtime="20200117 12:42:10.964"></status>
</kw>
<test id="s1-s1-s1-t1" name="USER CREATE A NEW COMPUTER">
<kw name="User is at Add Computer Page" library="TestCasesSetup" type="setup">
<kw name="GIVEN ADD.THE APPLICATION HOME PAGE IS DISPLAYED" library="ADD">
<kw name="Run Keyword And Return Status" library="BuiltIn">
<doc>Runs the given keyword with given arguments and returns the status as a Boolean value.</doc>
<arguments>
<arg>Wait Until Page Contains</arg>
<arg>Add a new computer</arg>
<arg>30s</arg>
</arguments>
<assign>
<var>${status}</var>
</assign>
<kw name="Wait Until Page Contains" library="Selenium2Library">
<doc>Waits until ``text`` appears on the current page.</doc>
<arguments>
<arg>Add a new computer</arg>
<arg>30s</arg>
</arguments>
<msg timestamp="20200117 12:42:10.972" level="DEBUG">POST http://127.0.0.1:57145/session/34ac61ac8e000943a3857b21aa733c6e/elements {"using": "xpath", "value": "//*[contains(., 'Add a new computer')]", "sessionId": "34ac61ac8e000943a3857b21aa733c6e"}</msg>
<msg timestamp="20200117 12:42:11.040" level="DEBUG">http://127.0.0.1:57145 "POST /session/34ac61ac8e000943a3857b21aa733c6e/elements HTTP/1.1" 200 239</msg>
<msg timestamp="20200117 12:42:11.041" level="DEBUG">Finished Request</msg>
<status status="PASS" starttime="20200117 12:42:10.969" endtime="20200117 12:42:11.041"></status>
</kw>
<msg timestamp="20200117 12:42:11.042" level="INFO">${status} = True</msg>
<status status="PASS" starttime="20200117 12:42:10.968" endtime="20200117 12:42:11.042"></status>
</kw>
<kw name="Run Keyword If" library="BuiltIn">
<doc>Runs the given keyword with the given arguments, if ``condition`` is true.</doc>
<arguments>
<arg>'${status}'=='True'</arg>
<arg>Log To Console</arg>
<arg>${\n}Home Page is opened Successfully</arg>
<arg>ELSE</arg>
<arg>Fail</arg>
<arg>${\n}The Home Page was not Launched</arg>
</arguments>
<kw name="Log To Console" library="BuiltIn">
<doc>Logs the given message to the console.</doc>
<arguments>
<arg>${\n}Home Page is opened Successfully</arg>
</arguments>
<status status="PASS" starttime="20200117 12:42:11.043" endtime="20200117 12:42:11.043"></status>
</kw>
<status status="PASS" starttime="20200117 12:42:11.042" endtime="20200117 12:42:11.044"></status>
</kw>
<status status="PASS" starttime="20200117 12:42:10.967" endtime="20200117 12:42:11.044"></status>
</kw>
<kw name="WHEN ADD A NEW COMPUTER BUTTON IS CLICKED" library="ADD">
<kw name="Execute Javascript" library="Selenium2Library">
<doc>Executes the given JavaScript code with possible arguments.</doc>
<arguments>
<arg>${numberOfComputerObj}</arg>
</arguments>
<assign>
<var>${numberOfComputer}</var>
</assign>
<msg timestamp="20200117 12:42:11.046" level="INFO">Executing JavaScript:
return window.document.getElementsByTagName("h1")[1].innerText
Without any arguments.</msg>
<msg timestamp="20200117 12:42:11.047" level="DEBUG">POST http://127.0.0.1:57145/session/34ac61ac8e000943a3857b21aa733c6e/execute {"script": "return window.document.getElementsByTagName(\"h1\")[1].innerText", "args": [], "sessionId": "34ac61ac8e000943a3857b21aa733c6e"}</msg>
<msg timestamp="20200117 12:42:11.062" level="DEBUG">http://127.0.0.1:57145 "POST /session/34ac61ac8e000943a3857b21aa733c6e/execute HTTP/1.1" 200 89</msg>
<msg timestamp="20200117 12:42:11.062" level="DEBUG">Finished Request</msg>
<msg timestamp="20200117 12:42:11.063" level="INFO">${numberOfComputer} = 574 computers found</msg>
<status status="PASS" starttime="20200117 12:42:11.045" endtime="20200117 12:42:11.063"></status>
</kw>
<kw name="Split String" library="String">
<doc>Splits the ``string`` using ``separator`` as a delimiter string.</doc>
<arguments>
<arg>${numberOfComputer}</arg>
<arg>${SPACE}</arg>
</arguments>
<assign>
<var>${words}</var>
</assign>
<msg timestamp="20200117 12:42:11.064" level="INFO">${words} = ['574', 'computers', 'found']</msg>
<status status="PASS" starttime="20200117 12:42:11.063" endtime="20200117 12:42:11.064"></status>
</kw>
<kw name="Log To Console" library="BuiltIn">
<doc>Logs the given message to the console.</doc>
<arguments>
<arg>Number of Computer before adding = ${words}[0]</arg>
</arguments>
<status status="PASS" starttime="20200117 12:42:11.065" endtime="20200117 12:42:11.067"></status>
</kw>
<kw name="Convert To Integer" library="BuiltIn">
<doc>Converts the given item to an integer number.</doc>
<arguments>
<arg>${words}[0]</arg>
</arguments>
<assign>
<var>${numberOfComputerBeforeAdding}</var>
</assign>
<msg timestamp="20200117 12:42:11.068" level="DEBUG">Argument types are:
&lt;type 'unicode'&gt;</msg>
<msg timestamp="20200117 12:42:11.069" level="INFO">${numberOfComputerBeforeAdding} = 574</msg>
<status status="PASS" starttime="20200117 12:42:11.068" endtime="20200117 12:42:11.069"></status>
</kw>
<kw name="Set Global Variable" library="BuiltIn">
<doc>Makes a variable available globally in all tests and suites.</doc>
<arguments>
<arg>${numberOfComputerBeforeAdding}</arg>
</arguments>
<msg timestamp="20200117 12:42:11.070" level="INFO">${numberOfComputerBeforeAdding} = 574</msg>
<status status="PASS" starttime="20200117 12:42:11.069" endtime="20200117 12:42:11.070"></status>
</kw>
<kw name="Highlight Object" library="Generic">
<arguments>
<arg>id</arg>
<arg>add</arg>
</arguments>
<kw name="Sleep" library="BuiltIn">
<doc>Pauses the test executed for the given time.</doc>
<arguments>
<arg>1s</arg>
</arguments>
<msg timestamp="20200117 12:42:12.072" level="INFO">Slept 1 second</msg>
<status status="PASS" starttime="20200117 12:42:11.071" endtime="20200117 12:42:12.072"></status>
</kw>
<kw name="Run Keyword If" library="BuiltIn">
<doc>Runs the given keyword with the given arguments, if ``condition`` is true.</doc>
<arguments>
<arg>'${objType}'=='id'</arg>
<arg>Set Variable</arg>
<arg>window.document.getElementById("${objValue}")</arg>
<arg>ELSE IF</arg>
<arg>'${objType}'=='other'</arg>
<arg>Set Variable</arg>
<arg>${objValue}</arg>
</arguments>
<assign>
<var>${obj}</var>
</assign>
<kw name="Set Variable" library="BuiltIn">
<doc>Returns the given values which can then be assigned to a variables.</doc>
<arguments>
<arg>window.document.getElementById("${objValue}")</arg>
</arguments>
<status status="PASS" starttime="20200117 12:42:12.075" endtime="20200117 12:42:12.076"></status>
</kw>
<msg timestamp="20200117 12:42:12.076" level="INFO">${obj} = window.document.getElementById("add")</msg>
<status status="PASS" starttime="20200117 12:42:12.073" endtime="20200117 12:42:12.076"></status>
</kw>
<kw name="Execute Javascript" library="Selenium2Library">
<doc>Executes the given JavaScript code with possible arguments.</doc>
<arguments>
<arg>${obj}.style.border="solid #FF0000"</arg>
</arguments>
<msg timestamp="20200117 12:42:12.079" level="INFO">Executing JavaScript:
window.document.getElementById("add").style.border="solid #FF0000"
Without any arguments.</msg>
<msg timestamp="20200117 12:42:12.079" level="DEBUG">POST http://127.0.0.1:57145/session/34ac61ac8e000943a3857b21aa733c6e/execute {"script": "window.document.getElementById(\"add\").style.border=\"solid #FF0000\"", "args": [], "sessionId": "34ac61ac8e000943a3857b21aa733c6e"}</msg>
<msg timestamp="20200117 12:42:12.120" level="DEBUG">http://127.0.0.1:57145 "POST /session/34ac61ac8e000943a3857b21aa733c6e/execute HTTP/1.1" 200 72</msg>
<msg timestamp="20200117 12:42:12.121" level="DEBUG">Finished Request</msg>
<status status="PASS" starttime="20200117 12:42:12.077" endtime="20200117 12:42:12.121"></status>
</kw>
<kw name="Set Variable" library="BuiltIn">
<doc>Returns the given values which can then be assigned to a variables.</doc>
<arguments>
<arg>1</arg>
</arguments>
<assign>
<var>${x}</var>
</assign>
<msg timestamp="20200117 12:42:12.122" level="INFO">${x} = 1</msg>
<status status="PASS" starttime="20200117 12:42:12.122" endtime="20200117 12:42:12.123"></status>
</kw>
<kw name="Set Variable" library="BuiltIn">
<doc>Returns the given values which can then be assigned to a variables.</doc>
<arguments>
<arg>PageScreenshot_${x}</arg>
</arguments>
<assign>
<var>${page}</var>
</assign>
<msg timestamp="20200117 12:42:12.123" level="INFO">${page} = PageScreenshot_1</msg>
<status status="PASS" starttime="20200117 12:42:12.123" endtime="20200117 12:42:12.124"></status>
</kw>
<kw name="Evaluate" library="BuiltIn">
<doc>Evaluates the given expression in Python and returns the results.</doc>
<arguments>
<arg>${x}+1</arg>
</arguments>
<assign>
<var>${x}</var>
</assign>
<msg timestamp="20200117 12:42:12.125" level="INFO">${x} = 2</msg>
<status status="PASS" starttime="20200117 12:42:12.124" endtime="20200117 12:42:12.125"></status>
</kw>
<kw name="Set Global Variable" library="BuiltIn">
<doc>Makes a variable available globally in all tests and suites.</doc>
<arguments>
<arg>${x}</arg>
</arguments>
<msg timestamp="20200117 12:42:12.132" level="INFO">${x} = 2</msg>
<status status="PASS" starttime="20200117 12:42:12.130" endtime="20200117 12:42:12.132"></status>
</kw>
<kw name="Capture Page Screenshot" library="Selenium2Library">
<doc>Takes a screenshot of the current page and embeds it into a log file.</doc>
<arguments>
<arg>${page}.png</arg>
</arguments>
<msg timestamp="20200117 12:42:12.135" level="DEBUG">GET http://127.0.0.1:57145/session/34ac61ac8e000943a3857b21aa733c6e/screenshot {"sessionId": "34ac61ac8e000943a3857b21aa733c6e"}</msg>
<msg timestamp="20200117 12:42:12.576" level="DEBUG">http://127.0.0.1:57145 "GET /session/34ac61ac8e000943a3857b21aa733c6e/screenshot HTTP/1.1" 200 60606</msg>
<msg timestamp="20200117 12:42:12.577" level="DEBUG">Finished Request</msg>
<msg timestamp="20200117 12:42:12.584" level="INFO" html="yes">&lt;/td&gt;&lt;/tr&gt;&lt;tr&gt;&lt;td colspan="3"&gt;&lt;a href="PageScreenshot_1.png"&gt;&lt;img src="PageScreenshot_1.png" width="800px"&gt;&lt;/a&gt;</msg>
<status status="PASS" starttime="20200117 12:42:12.132" endtime="20200117 12:42:12.584"></status>
</kw>
<kw name="Sleep" library="BuiltIn">
<doc>Pauses the test executed for the given time.</doc>
<arguments>
<arg>1s</arg>
</arguments>
<msg timestamp="20200117 12:42:13.586" level="INFO">Slept 1 second</msg>
<status status="PASS" starttime="20200117 12:42:12.585" endtime="20200117 12:42:13.586"></status>
</kw>
<kw name="Execute Javascript" library="Selenium2Library">
<doc>Executes the given JavaScript code with possible arguments.</doc>
<arguments>
<arg>${obj}.style.border=""</arg>
</arguments>
<msg timestamp="20200117 12:42:13.588" level="INFO">Executing JavaScript:
window.document.getElementById("add").style.border=""
Without any arguments.</msg>
<msg timestamp="20200117 12:42:13.588" level="DEBUG">POST http://127.0.0.1:57145/session/34ac61ac8e000943a3857b21aa733c6e/execute {"script": "window.document.getElementById(\"add\").style.border=\"\"", "args": [], "sessionId": "34ac61ac8e000943a3857b21aa733c6e"}</msg>
<msg timestamp="20200117 12:42:13.618" level="DEBUG">http://127.0.0.1:57145 "POST /session/34ac61ac8e000943a3857b21aa733c6e/execute HTTP/1.1" 200 72</msg>
<msg timestamp="20200117 12:42:13.619" level="DEBUG">Finished Request</msg>
<status status="PASS" starttime="20200117 12:42:13.587" endtime="20200117 12:42:13.620"></status>
</kw>
<kw name="Sleep" library="BuiltIn">
<doc>Pauses the test executed for the given time.</doc>
<arguments>
<arg>1s</arg>
</arguments>
<msg timestamp="20200117 12:42:14.622" level="INFO">Slept 1 second</msg>
<status status="PASS" starttime="20200117 12:42:13.620" endtime="20200117 12:42:14.622"></status>
</kw>
<status status="PASS" starttime="20200117 12:42:11.070" endtime="20200117 12:42:14.623"></status>
</kw>
<kw name="Click Element" library="Selenium2Library">
<doc>Click the element identified by ``locator``.</doc>
<arguments>
<arg>id=add</arg>
</arguments>
<msg timestamp="20200117 12:42:14.623" level="INFO">Clicking element 'id=add'.</msg>
<msg timestamp="20200117 12:42:14.624" level="DEBUG">POST http://127.0.0.1:57145/session/34ac61ac8e000943a3857b21aa733c6e/elements {"using": "id", "value": "add", "sessionId": "34ac61ac8e000943a3857b21aa733c6e"}</msg>
<msg timestamp="20200117 12:42:14.661" level="DEBUG">http://127.0.0.1:57145 "POST /session/34ac61ac8e000943a3857b21aa733c6e/elements HTTP/1.1" 200 103</msg>
<msg timestamp="20200117 12:42:14.662" level="DEBUG">Finished Request</msg>
<msg timestamp="20200117 12:42:14.662" level="DEBUG">POST http://127.0.0.1:57145/session/34ac61ac8e000943a3857b21aa733c6e/element/0.184175689984849-5/click {"id": "0.184175689984849-5", "sessionId": "34ac61ac8e000943a3857b21aa733c6e"}</msg>
<msg timestamp="20200117 12:42:15.161" level="DEBUG">http://127.0.0.1:57145 "POST /session/34ac61ac8e000943a3857b21aa733c6e/element/0.184175689984849-5/click HTTP/1.1" 200 72</msg>
<msg timestamp="20200117 12:42:15.163" level="DEBUG">Finished Request</msg>
<status status="PASS" starttime="20200117 12:42:14.623" endtime="20200117 12:42:15.163"></status>
</kw>
<kw name="Log To Console" library="BuiltIn">
<doc>Logs the given message to the console.</doc>
<arguments>
<arg>The Add a New Computer Button is clicked</arg>
</arguments>
<status status="PASS" starttime="20200117 12:42:15.164" endtime="20200117 12:42:15.164"></status>
</kw>
<status status="PASS" starttime="20200117 12:42:11.045" endtime="20200117 12:42:15.165"></status>
</kw>
<status status="PASS" starttime="20200117 12:42:10.966" endtime="20200117 12:42:15.165"></status>
</kw>
<kw name="GIVEN ADD A COMPUTER PAGE IS DISPLAYED" library="ADD">
<kw name="Run Keyword And Return Status" library="BuiltIn">
<doc>Runs the given keyword with given arguments and returns the status as a Boolean value.</doc>
<arguments>
<arg>Wait Until Page Contains</arg>
<arg>Add a computer</arg>
<arg>30s</arg>
</arguments>
<assign>
<var>${status}</var>
</assign>
<kw name="Wait Until Page Contains" library="Selenium2Library">
<doc>Waits until ``text`` appears on the current page.</doc>
<arguments>
<arg>Add a computer</arg>
<arg>30s</arg>
</arguments>
<msg timestamp="20200117 12:42:15.168" level="DEBUG">POST http://127.0.0.1:57145/session/34ac61ac8e000943a3857b21aa733c6e/elements {"using": "xpath", "value": "//*[contains(., 'Add a computer')]", "sessionId": "34ac61ac8e000943a3857b21aa733c6e"}</msg>
<msg timestamp="20200117 12:42:15.261" level="DEBUG">http://127.0.0.1:57145 "POST /session/34ac61ac8e000943a3857b21aa733c6e/elements HTTP/1.1" 200 209</msg>
<msg timestamp="20200117 12:42:15.264" level="DEBUG">Finished Request</msg>
<status status="PASS" starttime="20200117 12:42:15.167" endtime="20200117 12:42:15.264"></status>
</kw>
<msg timestamp="20200117 12:42:15.265" level="INFO">${status} = True</msg>
<status status="PASS" starttime="20200117 12:42:15.167" endtime="20200117 12:42:15.265"></status>
</kw>
<kw name="Run Keyword If" library="BuiltIn">
<doc>Runs the given keyword with the given arguments, if ``condition`` is true.</doc>
<arguments>
<arg>'${status}'=='True'</arg>
<arg>Log To Console</arg>
<arg>Add Computer Page is opened Successfully</arg>
<arg>ELSE</arg>
<arg>Fail</arg>
<arg>The Add Computer Page was not Launched</arg>
</arguments>
<kw name="Log To Console" library="BuiltIn">
<doc>Logs the given message to the console.</doc>
<arguments>
<arg>Add Computer Page is opened Successfully</arg>
</arguments>
<status status="PASS" starttime="20200117 12:42:15.266" endtime="20200117 12:42:15.267"></status>
</kw>
<status status="PASS" starttime="20200117 12:42:15.266" endtime="20200117 12:42:15.267"></status>
</kw>
<status status="PASS" starttime="20200117 12:42:15.166" endtime="20200117 12:42:15.267"></status>
</kw>
<kw name="WHEN USER FILLS THE INFORMATION" library="ADD">
<kw name="Input Text" library="Selenium2Library">
<doc>Types the given ``text`` into the text field identified by ``locator``.</doc>
<arguments>
<arg>id=name</arg>
<arg>${computerName}</arg>
</arguments>
<msg timestamp="20200117 12:42:15.269" level="INFO">Typing text 'SuperSonic' into text field 'id=name'.</msg>
<msg timestamp="20200117 12:42:15.270" level="DEBUG">POST http://127.0.0.1:57145/session/34ac61ac8e000943a3857b21aa733c6e/elements {"using": "id", "value": "name", "sessionId": "34ac61ac8e000943a3857b21aa733c6e"}</msg>
<msg timestamp="20200117 12:42:15.316" level="DEBUG">http://127.0.0.1:57145 "POST /session/34ac61ac8e000943a3857b21aa733c6e/elements HTTP/1.1" 200 104</msg>
<msg timestamp="20200117 12:42:15.317" level="DEBUG">Finished Request</msg>
<msg timestamp="20200117 12:42:15.317" level="DEBUG">POST http://127.0.0.1:57145/session/34ac61ac8e000943a3857b21aa733c6e/element/0.2927976824047924-5/clear {"id": "0.2927976824047924-5", "sessionId": "34ac61ac8e000943a3857b21aa733c6e"}</msg>
<msg timestamp="20200117 12:42:15.432" level="DEBUG">http://127.0.0.1:57145 "POST /session/34ac61ac8e000943a3857b21aa733c6e/element/0.2927976824047924-5/clear HTTP/1.1" 200 72</msg>
<msg timestamp="20200117 12:42:15.434" level="DEBUG">Finished Request</msg>
<msg timestamp="20200117 12:42:15.434" level="DEBUG">POST http://127.0.0.1:57145/session/34ac61ac8e000943a3857b21aa733c6e/element/0.2927976824047924-5/value {"text": "SuperSonic", "value": ["S", "u", "p", "e", "r", "S", "o", "n", "i", "c"], "id": "0.2927976824047924-5", "sessionId": "34ac61ac8e000943a3857b21aa733c6e"}</msg>
<msg timestamp="20200117 12:42:15.824" level="DEBUG">http://127.0.0.1:57145 "POST /session/34ac61ac8e000943a3857b21aa733c6e/element/0.2927976824047924-5/value HTTP/1.1" 200 72</msg>
<msg timestamp="20200117 12:42:15.824" level="DEBUG">Finished Request</msg>
<status status="PASS" starttime="20200117 12:42:15.269" endtime="20200117 12:42:15.824"></status>
</kw>
<kw name="Highlight Object" library="Generic">
<arguments>
<arg>id</arg>
<arg>name</arg>
</arguments>
<kw name="Sleep" library="BuiltIn">
<doc>Pauses the test executed for the given time.</doc>
<arguments>
<arg>1s</arg>
</arguments>
<msg timestamp="20200117 12:42:16.828" level="INFO">Slept 1 second</msg>
<status status="PASS" starttime="20200117 12:42:15.826" endtime="20200117 12:42:16.828"></status>
</kw>
<kw name="Run Keyword If" library="BuiltIn">
<doc>Runs the given keyword with the given arguments, if ``condition`` is true.</doc>
<arguments>
<arg>'${objType}'=='id'</arg>
<arg>Set Variable</arg>
<arg>window.document.getElementById("${objValue}")</arg>
<arg>ELSE IF</arg>
<arg>'${objType}'=='other'</arg>
<arg>Set Variable</arg>
<arg>${objValue}</arg>
</arguments>
<assign>
<var>${obj}</var>
</assign>
<kw name="Set Variable" library="BuiltIn">
<doc>Returns the given values which can then be assigned to a variables.</doc>
<arguments>
<arg>window.document.getElementById("${objValue}")</arg>
</arguments>
<status status="PASS" starttime="20200117 12:42:16.829" endtime="20200117 12:42:16.830"></status>
</kw>
<msg timestamp="20200117 12:42:16.830" level="INFO">${obj} = window.document.getElementById("name")</msg>
<status status="PASS" starttime="20200117 12:42:16.829" endtime="20200117 12:42:16.830"></status>
</kw>
<kw name="Execute Javascript" library="Selenium2Library">
<doc>Executes the given JavaScript code with possible arguments.</doc>
<arguments>
<arg>${obj}.style.border="solid #FF0000"</arg>
</arguments>
<msg timestamp="20200117 12:42:16.832" level="INFO">Executing JavaScript:
window.document.getElementById("name").style.border="solid #FF0000"
Without any arguments.</msg>
<msg timestamp="20200117 12:42:16.832" level="DEBUG">POST http://127.0.0.1:57145/session/34ac61ac8e000943a3857b21aa733c6e/execute {"script": "window.document.getElementById(\"name\").style.border=\"solid #FF0000\"", "args": [], "sessionId": "34ac61ac8e000943a3857b21aa733c6e"}</msg>
<msg timestamp="20200117 12:42:16.888" level="DEBUG">http://127.0.0.1:57145 "POST /session/34ac61ac8e000943a3857b21aa733c6e/execute HTTP/1.1" 200 72</msg>
<msg timestamp="20200117 12:42:16.888" level="DEBUG">Finished Request</msg>
<status status="PASS" starttime="20200117 12:42:16.831" endtime="20200117 12:42:16.888"></status>
</kw>
<kw name="Set Variable" library="BuiltIn">
<doc>Returns the given values which can then be assigned to a variables.</doc>
<arguments>
<arg>1</arg>
</arguments>
<assign>
<var>${x}</var>
</assign>
<msg timestamp="20200117 12:42:16.890" level="INFO">${x} = 1</msg>
<status status="PASS" starttime="20200117 12:42:16.889" endtime="20200117 12:42:16.890"></status>
</kw>
<kw name="Set Variable" library="BuiltIn">
<doc>Returns the given values which can then be assigned to a variables.</doc>
<arguments>
<arg>PageScreenshot_${x}</arg>
</arguments>
<assign>
<var>${page}</var>
</assign>
<msg timestamp="20200117 12:42:16.891" level="INFO">${page} = PageScreenshot_1</msg>
<status status="PASS" starttime="20200117 12:42:16.890" endtime="20200117 12:42:16.891"></status>
</kw>
<kw name="Evaluate" library="BuiltIn">
<doc>Evaluates the given expression in Python and returns the results.</doc>
<arguments>
<arg>${x}+1</arg>
</arguments>
<assign>
<var>${x}</var>
</assign>
<msg timestamp="20200117 12:42:16.892" level="INFO">${x} = 2</msg>
<status status="PASS" starttime="20200117 12:42:16.891" endtime="20200117 12:42:16.892"></status>
</kw>
<kw name="Set Global Variable" library="BuiltIn">
<doc>Makes a variable available globally in all tests and suites.</doc>
<arguments>
<arg>${x}</arg>
</arguments>
<msg timestamp="20200117 12:42:16.893" level="INFO">${x} = 2</msg>
<status status="PASS" starttime="20200117 12:42:16.892" endtime="20200117 12:42:16.893"></status>
</kw>
<kw name="Capture Page Screenshot" library="Selenium2Library">
<doc>Takes a screenshot of the current page and embeds it into a log file.</doc>
<arguments>
<arg>${page}.png</arg>
</arguments>
<msg timestamp="20200117 12:42:16.894" level="DEBUG">GET http://127.0.0.1:57145/session/34ac61ac8e000943a3857b21aa733c6e/screenshot {"sessionId": "34ac61ac8e000943a3857b21aa733c6e"}</msg>
<msg timestamp="20200117 12:42:17.233" level="DEBUG">http://127.0.0.1:57145 "GET /session/34ac61ac8e000943a3857b21aa733c6e/screenshot HTTP/1.1" 200 47390</msg>
<msg timestamp="20200117 12:42:17.233" level="DEBUG">Finished Request</msg>
<msg timestamp="20200117 12:42:17.237" level="INFO" html="yes">&lt;/td&gt;&lt;/tr&gt;&lt;tr&gt;&lt;td colspan="3"&gt;&lt;a href="PageScreenshot_1.png"&gt;&lt;img src="PageScreenshot_1.png" width="800px"&gt;&lt;/a&gt;</msg>
<status status="PASS" starttime="20200117 12:42:16.893" endtime="20200117 12:42:17.237"></status>
</kw>
<kw name="Sleep" library="BuiltIn">
<doc>Pauses the test executed for the given time.</doc>
<arguments>
<arg>1s</arg>
</arguments>
<msg timestamp="20200117 12:42:18.239" level="INFO">Slept 1 second</msg>
<status status="PASS" starttime="20200117 12:42:17.237" endtime="20200117 12:42:18.239"></status>
</kw>
<kw name="Execute Javascript" library="Selenium2Library">
<doc>Executes the given JavaScript code with possible arguments.</doc>
<arguments>
<arg>${obj}.style.border=""</arg>
</arguments>
<msg timestamp="20200117 12:42:18.241" level="INFO">Executing JavaScript:
window.document.getElementById("name").style.border=""
Without any arguments.</msg>
<msg timestamp="20200117 12:42:18.250" level="DEBUG">POST http://127.0.0.1:57145/session/34ac61ac8e000943a3857b21aa733c6e/execute {"script": "window.document.getElementById(\"name\").style.border=\"\"", "args": [], "sessionId": "34ac61ac8e000943a3857b21aa733c6e"}</msg>
<msg timestamp="20200117 12:42:18.346" level="DEBUG">http://127.0.0.1:57145 "POST /session/34ac61ac8e000943a3857b21aa733c6e/execute HTTP/1.1" 200 72</msg>
<msg timestamp="20200117 12:42:18.346" level="DEBUG">Finished Request</msg>
<status status="PASS" starttime="20200117 12:42:18.240" endtime="20200117 12:42:18.347"></status>
</kw>
<kw name="Sleep" library="BuiltIn">
<doc>Pauses the test executed for the given time.</doc>
<arguments>
<arg>1s</arg>
</arguments>
<msg timestamp="20200117 12:42:19.350" level="INFO">Slept 1 second</msg>
<status status="PASS" starttime="20200117 12:42:18.347" endtime="20200117 12:42:19.350"></status>
</kw>
<status status="PASS" starttime="20200117 12:42:15.825" endtime="20200117 12:42:19.351"></status>
</kw>
<kw name="Input Text" library="Selenium2Library">
<doc>Types the given ``text`` into the text field identified by ``locator``.</doc>
<arguments>
<arg>id=introduced</arg>
<arg>${introducedDate}</arg>
</arguments>
<msg timestamp="20200117 12:42:19.352" level="INFO">Typing text '2020-01-01' into text field 'id=introduced'.</msg>
<msg timestamp="20200117 12:42:19.352" level="DEBUG">POST http://127.0.0.1:57145/session/34ac61ac8e000943a3857b21aa733c6e/elements {"using": "id", "value": "introduced", "sessionId": "34ac61ac8e000943a3857b21aa733c6e"}</msg>
<msg timestamp="20200117 12:42:19.381" level="DEBUG">http://127.0.0.1:57145 "POST /session/34ac61ac8e000943a3857b21aa733c6e/elements HTTP/1.1" 200 104</msg>
<msg timestamp="20200117 12:42:19.382" level="DEBUG">Finished Request</msg>
<msg timestamp="20200117 12:42:19.382" level="DEBUG">POST http://127.0.0.1:57145/session/34ac61ac8e000943a3857b21aa733c6e/element/0.2927976824047924-6/clear {"id": "0.2927976824047924-6", "sessionId": "34ac61ac8e000943a3857b21aa733c6e"}</msg>
<msg timestamp="20200117 12:42:19.449" level="DEBUG">http://127.0.0.1:57145 "POST /session/34ac61ac8e000943a3857b21aa733c6e/element/0.2927976824047924-6/clear HTTP/1.1" 200 72</msg>
<msg timestamp="20200117 12:42:19.450" level="DEBUG">Finished Request</msg>
<msg timestamp="20200117 12:42:19.450" level="DEBUG">POST http://127.0.0.1:57145/session/34ac61ac8e000943a3857b21aa733c6e/element/0.2927976824047924-6/value {"text": "2020-01-01", "value": ["2", "0", "2", "0", "-", "0", "1", "-", "0", "1"], "id": "0.2927976824047924-6", "sessionId": "34ac61ac8e000943a3857b21aa733c6e"}</msg>
<msg timestamp="20200117 12:42:19.818" level="DEBUG">http://127.0.0.1:57145 "POST /session/34ac61ac8e000943a3857b21aa733c6e/element/0.2927976824047924-6/value HTTP/1.1" 200 72</msg>
<msg timestamp="20200117 12:42:19.819" level="DEBUG">Finished Request</msg>
<status status="PASS" starttime="20200117 12:42:19.351" endtime="20200117 12:42:19.819"></status>
</kw>
<kw name="Highlight Object" library="Generic">
<arguments>
<arg>id</arg>
<arg>introduced</arg>
</arguments>
<kw name="Sleep" library="BuiltIn">
<doc>Pauses the test executed for the given time.</doc>
<arguments>
<arg>1s</arg>
</arguments>
<msg timestamp="20200117 12:42:20.823" level="INFO">Slept 1 second</msg>
<status status="PASS" starttime="20200117 12:42:19.822" endtime="20200117 12:42:20.823"></status>
</kw>
<kw name="Run Keyword If" library="BuiltIn">
<doc>Runs the given keyword with the given arguments, if ``condition`` is true.</doc>
<arguments>
<arg>'${objType}'=='id'</arg>
<arg>Set Variable</arg>
<arg>window.document.getElementById("${objValue}")</arg>
<arg>ELSE IF</arg>
<arg>'${objType}'=='other'</arg>
<arg>Set Variable</arg>
<arg>${objValue}</arg>
</arguments>
<assign>
<var>${obj}</var>
</assign>
<kw name="Set Variable" library="BuiltIn">
<doc>Returns the given values which can then be assigned to a variables.</doc>
<arguments>
<arg>window.document.getElementById("${objValue}")</arg>
</arguments>
<status status="PASS" starttime="20200117 12:42:20.824" endtime="20200117 12:42:20.825"></status>
</kw>
<msg timestamp="20200117 12:42:20.825" level="INFO">${obj} = window.document.getElementById("introduced")</msg>
<status status="PASS" starttime="20200117 12:42:20.824" endtime="20200117 12:42:20.825"></status>
</kw>
<kw name="Execute Javascript" library="Selenium2Library">
<doc>Executes the given JavaScript code with possible arguments.</doc>
<arguments>
<arg>${obj}.style.border="solid #FF0000"</arg>
</arguments>
<msg timestamp="20200117 12:42:20.827" level="INFO">Executing JavaScript:
window.document.getElementById("introduced").style.border="solid #FF0000"
Without any arguments.</msg>
<msg timestamp="20200117 12:42:20.827" level="DEBUG">POST http://127.0.0.1:57145/session/34ac61ac8e000943a3857b21aa733c6e/execute {"script": "window.document.getElementById(\"introduced\").style.border=\"solid #FF0000\"", "args": [], "sessionId": "34ac61ac8e000943a3857b21aa733c6e"}</msg>
<msg timestamp="20200117 12:42:20.901" level="DEBUG">http://127.0.0.1:57145 "POST /session/34ac61ac8e000943a3857b21aa733c6e/execute HTTP/1.1" 200 72</msg>
<msg timestamp="20200117 12:42:20.901" level="DEBUG">Finished Request</msg>
<status status="PASS" starttime="20200117 12:42:20.826" endtime="20200117 12:42:20.902"></status>
</kw>
<kw name="Set Variable" library="BuiltIn">
<doc>Returns the given values which can then be assigned to a variables.</doc>
<arguments>
<arg>1</arg>
</arguments>
<assign>
<var>${x}</var>
</assign>
<msg timestamp="20200117 12:42:20.903" level="INFO">${x} = 1</msg>
<status status="PASS" starttime="20200117 12:42:20.902" endtime="20200117 12:42:20.903"></status>
</kw>
<kw name="Set Variable" library="BuiltIn">
<doc>Returns the given values which can then be assigned to a variables.</doc>
<arguments>
<arg>PageScreenshot_${x}</arg>
</arguments>
<assign>
<var>${page}</var>
</assign>
<msg timestamp="20200117 12:42:20.904" level="INFO">${page} = PageScreenshot_1</msg>
<status status="PASS" starttime="20200117 12:42:20.903" endtime="20200117 12:42:20.904"></status>
</kw>
<kw name="Evaluate" library="BuiltIn">
<doc>Evaluates the given expression in Python and returns the results.</doc>
<arguments>
<arg>${x}+1</arg>
</arguments>
<assign>
<var>${x}</var>
</assign>
<msg timestamp="20200117 12:42:20.905" level="INFO">${x} = 2</msg>
<status status="PASS" starttime="20200117 12:42:20.904" endtime="20200117 12:42:20.905"></status>
</kw>
<kw name="Set Global Variable" library="BuiltIn">
<doc>Makes a variable available globally in all tests and suites.</doc>
<arguments>
<arg>${x}</arg>
</arguments>
<msg timestamp="20200117 12:42:20.906" level="INFO">${x} = 2</msg>
<status status="PASS" starttime="20200117 12:42:20.905" endtime="20200117 12:42:20.907"></status>
</kw>
<kw name="Capture Page Screenshot" library="Selenium2Library">
<doc>Takes a screenshot of the current page and embeds it into a log file.</doc>
<arguments>
<arg>${page}.png</arg>
</arguments>
<msg timestamp="20200117 12:42:20.908" level="DEBUG">GET http://127.0.0.1:57145/session/34ac61ac8e000943a3857b21aa733c6e/screenshot {"sessionId": "34ac61ac8e000943a3857b21aa733c6e"}</msg>
<msg timestamp="20200117 12:42:21.232" level="DEBUG">http://127.0.0.1:57145 "GET /session/34ac61ac8e000943a3857b21aa733c6e/screenshot HTTP/1.1" 200 48494</msg>
<msg timestamp="20200117 12:42:21.233" level="DEBUG">Finished Request</msg>
<msg timestamp="20200117 12:42:21.237" level="INFO" html="yes">&lt;/td&gt;&lt;/tr&gt;&lt;tr&gt;&lt;td colspan="3"&gt;&lt;a href="PageScreenshot_1.png"&gt;&lt;img src="PageScreenshot_1.png" width="800px"&gt;&lt;/a&gt;</msg>
<status status="PASS" starttime="20200117 12:42:20.907" endtime="20200117 12:42:21.238"></status>
</kw>
<kw name="Sleep" library="BuiltIn">
<doc>Pauses the test executed for the given time.</doc>
<arguments>
<arg>1s</arg>
</arguments>
<msg timestamp="20200117 12:42:22.240" level="INFO">Slept 1 second</msg>
<status status="PASS" starttime="20200117 12:42:21.239" endtime="20200117 12:42:22.240"></status>
</kw>
<kw name="Execute Javascript" library="Selenium2Library">
<doc>Executes the given JavaScript code with possible arguments.</doc>
<arguments>
<arg>${obj}.style.border=""</arg>
</arguments>
<msg timestamp="20200117 12:42:22.242" level="INFO">Executing JavaScript:
window.document.getElementById("introduced").style.border=""
Without any arguments.</msg>
<msg timestamp="20200117 12:42:22.243" level="DEBUG">POST http://127.0.0.1:57145/session/34ac61ac8e000943a3857b21aa733c6e/execute {"script": "window.document.getElementById(\"introduced\").style.border=\"\"", "args": [], "sessionId": "34ac61ac8e000943a3857b21aa733c6e"}</msg>
<msg timestamp="20200117 12:42:22.269" level="DEBUG">http://127.0.0.1:57145 "POST /session/34ac61ac8e000943a3857b21aa733c6e/execute HTTP/1.1" 200 72</msg>
<msg timestamp="20200117 12:42:22.269" level="DEBUG">Finished Request</msg>
<status status="PASS" starttime="20200117 12:42:22.241" endtime="20200117 12:42:22.270"></status>
</kw>
<kw name="Sleep" library="BuiltIn">
<doc>Pauses the test executed for the given time.</doc>
<arguments>
<arg>1s</arg>
</arguments>
<msg timestamp="20200117 12:42:23.272" level="INFO">Slept 1 second</msg>
<status status="PASS" starttime="20200117 12:42:22.270" endtime="20200117 12:42:23.273"></status>
</kw>
<status status="PASS" starttime="20200117 12:42:19.820" endtime="20200117 12:42:23.274"></status>
</kw>
<kw name="Input Text" library="Selenium2Library">
<doc>Types the given ``text`` into the text field identified by ``locator``.</doc>
<arguments>
<arg>id=discontinued</arg>
<arg>${discontinuedDate}</arg>
</arguments>
<msg timestamp="20200117 12:42:23.276" level="INFO">Typing text '2025-12-31' into text field 'id=discontinued'.</msg>
<msg timestamp="20200117 12:42:23.277" level="DEBUG">POST http://127.0.0.1:57145/session/34ac61ac8e000943a3857b21aa733c6e/elements {"using": "id", "value": "discontinued", "sessionId": "34ac61ac8e000943a3857b21aa733c6e"}</msg>
<msg timestamp="20200117 12:42:23.306" level="DEBUG">http://127.0.0.1:57145 "POST /session/34ac61ac8e000943a3857b21aa733c6e/elements HTTP/1.1" 200 104</msg>
<msg timestamp="20200117 12:42:23.306" level="DEBUG">Finished Request</msg>
<msg timestamp="20200117 12:42:23.307" level="DEBUG">POST http://127.0.0.1:57145/session/34ac61ac8e000943a3857b21aa733c6e/element/0.2927976824047924-7/clear {"id": "0.2927976824047924-7", "sessionId": "34ac61ac8e000943a3857b21aa733c6e"}</msg>
<msg timestamp="20200117 12:42:23.354" level="DEBUG">http://127.0.0.1:57145 "POST /session/34ac61ac8e000943a3857b21aa733c6e/element/0.2927976824047924-7/clear HTTP/1.1" 200 72</msg>
<msg timestamp="20200117 12:42:23.355" level="DEBUG">Finished Request</msg>
<msg timestamp="20200117 12:42:23.355" level="DEBUG">POST http://127.0.0.1:57145/session/34ac61ac8e000943a3857b21aa733c6e/element/0.2927976824047924-7/value {"text": "2025-12-31", "value": ["2", "0", "2", "5", "-", "1", "2", "-", "3", "1"], "id": "0.2927976824047924-7", "sessionId": "34ac61ac8e000943a3857b21aa733c6e"}</msg>
<msg timestamp="20200117 12:42:23.640" level="DEBUG">http://127.0.0.1:57145 "POST /session/34ac61ac8e000943a3857b21aa733c6e/element/0.2927976824047924-7/value HTTP/1.1" 200 72</msg>
<msg timestamp="20200117 12:42:23.641" level="DEBUG">Finished Request</msg>
<status status="PASS" starttime="20200117 12:42:23.275" endtime="20200117 12:42:23.641"></status>
</kw>
<kw name="Highlight Object" library="Generic">
<arguments>
<arg>id</arg>
<arg>discontinued</arg>
</arguments>
<kw name="Sleep" library="BuiltIn">
<doc>Pauses the test executed for the given time.</doc>
<arguments>
<arg>1s</arg>
</arguments>
<msg timestamp="20200117 12:42:24.643" level="INFO">Slept 1 second</msg>
<status status="PASS" starttime="20200117 12:42:23.642" endtime="20200117 12:42:24.644"></status>
</kw>
<kw name="Run Keyword If" library="BuiltIn">
<doc>Runs the given keyword with the given arguments, if ``condition`` is true.</doc>
<arguments>
<arg>'${objType}'=='id'</arg>
<arg>Set Variable</arg>
<arg>window.document.getElementById("${objValue}")</arg>
<arg>ELSE IF</arg>
<arg>'${objType}'=='other'</arg>
<arg>Set Variable</arg>
<arg>${objValue}</arg>
</arguments>
<assign>
<var>${obj}</var>
</assign>
<kw name="Set Variable" library="BuiltIn">
<doc>Returns the given values which can then be assigned to a variables.</doc>
<arguments>
<arg>window.document.getElementById("${objValue}")</arg>
</arguments>
<status status="PASS" starttime="20200117 12:42:24.645" endtime="20200117 12:42:24.645"></status>
</kw>
<msg timestamp="20200117 12:42:24.646" level="INFO">${obj} = window.document.getElementById("discontinued")</msg>
<status status="PASS" starttime="20200117 12:42:24.644" endtime="20200117 12:42:24.646"></status>
</kw>
<kw name="Execute Javascript" library="Selenium2Library">
<doc>Executes the given JavaScript code with possible arguments.</doc>
<arguments>
<arg>${obj}.style.border="solid #FF0000"</arg>
</arguments>
<msg timestamp="20200117 12:42:24.647" level="INFO">Executing JavaScript:
window.document.getElementById("discontinued").style.border="solid #FF0000"
Without any arguments.</msg>
<msg timestamp="20200117 12:42:24.648" level="DEBUG">POST http://127.0.0.1:57145/session/34ac61ac8e000943a3857b21aa733c6e/execute {"script": "window.document.getElementById(\"discontinued\").style.border=\"solid #FF0000\"", "args": [], "sessionId": "34ac61ac8e000943a3857b21aa733c6e"}</msg>
<msg timestamp="20200117 12:42:24.661" level="DEBUG">http://127.0.0.1:57145 "POST /session/34ac61ac8e000943a3857b21aa733c6e/execute HTTP/1.1" 200 72</msg>
<msg timestamp="20200117 12:42:24.662" level="DEBUG">Finished Request</msg>
<status status="PASS" starttime="20200117 12:42:24.646" endtime="20200117 12:42:24.663"></status>
</kw>
<kw name="Set Variable" library="BuiltIn">
<doc>Returns the given values which can then be assigned to a variables.</doc>
<arguments>
<arg>1</arg>
</arguments>
<assign>
<var>${x}</var>
</assign>
<msg timestamp="20200117 12:42:24.664" level="INFO">${x} = 1</msg>
<status status="PASS" starttime="20200117 12:42:24.663" endtime="20200117 12:42:24.664"></status>
</kw>
<kw name="Set Variable" library="BuiltIn">
<doc>Returns the given values which can then be assigned to a variables.</doc>
<arguments>
<arg>PageScreenshot_${x}</arg>
</arguments>
<assign>
<var>${page}</var>
</assign>
<msg timestamp="20200117 12:42:24.665" level="INFO">${page} = PageScreenshot_1</msg>
<status status="PASS" starttime="20200117 12:42:24.665" endtime="20200117 12:42:24.666"></status>
</kw>
<kw name="Evaluate" library="BuiltIn">
<doc>Evaluates the given expression in Python and returns the results.</doc>
<arguments>
<arg>${x}+1</arg>
</arguments>
<assign>
<var>${x}</var>
</assign>
<msg timestamp="20200117 12:42:24.667" level="INFO">${x} = 2</msg>
<status status="PASS" starttime="20200117 12:42:24.666" endtime="20200117 12:42:24.667"></status>
</kw>
<kw name="Set Global Variable" library="BuiltIn">
<doc>Makes a variable available globally in all tests and suites.</doc>
<arguments>
<arg>${x}</arg>
</arguments>
<msg timestamp="20200117 12:42:24.668" level="INFO">${x} = 2</msg>
<status status="PASS" starttime="20200117 12:42:24.667" endtime="20200117 12:42:24.668"></status>
</kw>
<kw name="Capture Page Screenshot" library="Selenium2Library">
<doc>Takes a screenshot of the current page and embeds it into a log file.</doc>
<arguments>
<arg>${page}.png</arg>
</arguments>
<msg timestamp="20200117 12:42:24.670" level="DEBUG">GET http://127.0.0.1:57145/session/34ac61ac8e000943a3857b21aa733c6e/screenshot {"sessionId": "34ac61ac8e000943a3857b21aa733c6e"}</msg>
<msg timestamp="20200117 12:42:24.984" level="DEBUG">http://127.0.0.1:57145 "GET /session/34ac61ac8e000943a3857b21aa733c6e/screenshot HTTP/1.1" 200 49458</msg>
<msg timestamp="20200117 12:42:24.985" level="DEBUG">Finished Request</msg>
<msg timestamp="20200117 12:42:24.988" level="INFO" html="yes">&lt;/td&gt;&lt;/tr&gt;&lt;tr&gt;&lt;td colspan="3"&gt;&lt;a href="PageScreenshot_1.png"&gt;&lt;img src="PageScreenshot_1.png" width="800px"&gt;&lt;/a&gt;</msg>
<status status="PASS" starttime="20200117 12:42:24.669" endtime="20200117 12:42:24.988"></status>
</kw>
<kw name="Sleep" library="BuiltIn">
<doc>Pauses the test executed for the given time.</doc>
<arguments>
<arg>1s</arg>
</arguments>
<msg timestamp="20200117 12:42:25.991" level="INFO">Slept 1 second</msg>
<status status="PASS" starttime="20200117 12:42:24.989" endtime="20200117 12:42:25.991"></status>
</kw>
<kw name="Execute Javascript" library="Selenium2Library">
<doc>Executes the given JavaScript code with possible arguments.</doc>
<arguments>
<arg>${obj}.style.border=""</arg>
</arguments>
<msg timestamp="20200117 12:42:25.993" level="INFO">Executing JavaScript:
window.document.getElementById("discontinued").style.border=""
Without any arguments.</msg>
<msg timestamp="20200117 12:42:25.994" level="DEBUG">POST http://127.0.0.1:57145/session/34ac61ac8e000943a3857b21aa733c6e/execute {"script": "window.document.getElementById(\"discontinued\").style.border=\"\"", "args": [], "sessionId": "34ac61ac8e000943a3857b21aa733c6e"}</msg>
<msg timestamp="20200117 12:42:26.015" level="DEBUG">http://127.0.0.1:57145 "POST /session/34ac61ac8e000943a3857b21aa733c6e/execute HTTP/1.1" 200 72</msg>
<msg timestamp="20200117 12:42:26.015" level="DEBUG">Finished Request</msg>
<status status="PASS" starttime="20200117 12:42:25.992" endtime="20200117 12:42:26.016"></status>
</kw>
<kw name="Sleep" library="BuiltIn">
<doc>Pauses the test executed for the given time.</doc>
<arguments>
<arg>1s</arg>
</arguments>
<msg timestamp="20200117 12:42:27.018" level="INFO">Slept 1 second</msg>
<status status="PASS" starttime="20200117 12:42:26.016" endtime="20200117 12:42:27.018"></status>
</kw>
<status status="PASS" starttime="20200117 12:42:23.642" endtime="20200117 12:42:27.019"></status>
</kw>
<kw name="Get Element Count" library="Selenium2Library">
<doc>Returns the number of elements matching ``locator``.</doc>
<arguments>
<arg>xpath=//*[@id="company"]/option</arg>
</arguments>
<assign>
<var>${c}</var>
</assign>
<msg timestamp="20200117 12:42:27.020" level="DEBUG">POST http://127.0.0.1:57145/session/34ac61ac8e000943a3857b21aa733c6e/elements {"using": "xpath", "value": "//*[@id=\"company\"]/option", "sessionId": "34ac61ac8e000943a3857b21aa733c6e"}</msg>
<msg timestamp="20200117 12:42:27.055" level="DEBUG">http://127.0.0.1:57145 "POST /session/34ac61ac8e000943a3857b21aa733c6e/elements HTTP/1.1" 200 1615</msg>
<msg timestamp="20200117 12:42:27.056" level="DEBUG">Finished Request</msg>
<msg timestamp="20200117 12:42:27.056" level="INFO">${c} = 43</msg>
<status status="PASS" starttime="20200117 12:42:27.020" endtime="20200117 12:42:27.056"></status>
</kw>
<kw name="${a} IN RANGE [ 1 | ${c} ]" type="for">
<kw name="${a} = 1" type="foritem">
<kw name="Get Company List Js" library="User_Defined_Library">
<arguments>
<arg>${a}</arg>
</arguments>
<assign>
<var>${paramJs}</var>
</assign>
<msg timestamp="20200117 12:42:27.058" level="INFO">${paramJs} = ('return window.document.getElementById("company").querySelectorAll("option")[1].innerText', 'return window.document.getElementById("company").querySelectorAll("option")[1].value')</msg>
<status status="PASS" starttime="20200117 12:42:27.058" endtime="20200117 12:42:27.059"></status>
</kw>
<kw name="Execute Javascript" library="Selenium2Library">
<doc>Executes the given JavaScript code with possible arguments.</doc>
<arguments>
<arg>${paramJs}[0]</arg>
</arguments>
<assign>
<var>${paramInnerText}</var>
</assign>
<msg timestamp="20200117 12:42:27.060" level="INFO">Executing JavaScript:
return window.document.getElementById("company").querySelectorAll("option")[1].innerText
Without any arguments.</msg>
<msg timestamp="20200117 12:42:27.061" level="DEBUG">POST http://127.0.0.1:57145/session/34ac61ac8e000943a3857b21aa733c6e/execute {"script": "return window.document.getElementById(\"company\").querySelectorAll(\"option\")[1].innerText", "args": [], "sessionId": "34ac61ac8e000943a3857b21aa733c6e"}</msg>
<msg timestamp="20200117 12:42:27.081" level="DEBUG">http://127.0.0.1:57145 "POST /session/34ac61ac8e000943a3857b21aa733c6e/execute HTTP/1.1" 200 80</msg>
<msg timestamp="20200117 12:42:27.082" level="DEBUG">Finished Request</msg>
<msg timestamp="20200117 12:42:27.083" level="INFO">${paramInnerText} = Apple Inc.</msg>
<status status="PASS" starttime="20200117 12:42:27.059" endtime="20200117 12:42:27.084"></status>
</kw>
<kw name="Execute Javascript" library="Selenium2Library">
<doc>Executes the given JavaScript code with possible arguments.</doc>
<arguments>
<arg>${paramJs}[1]</arg>
</arguments>
<assign>
<var>${paramValue}</var>
</assign>
<msg timestamp="20200117 12:42:27.085" level="INFO">Executing JavaScript:
return window.document.getElementById("company").querySelectorAll("option")[1].value
Without any arguments.</msg>
<msg timestamp="20200117 12:42:27.085" level="DEBUG">POST http://127.0.0.1:57145/session/34ac61ac8e000943a3857b21aa733c6e/execute {"script": "return window.document.getElementById(\"company\").querySelectorAll(\"option\")[1].value", "args": [], "sessionId": "34ac61ac8e000943a3857b21aa733c6e"}</msg>
<msg timestamp="20200117 12:42:27.096" level="DEBUG">http://127.0.0.1:57145 "POST /session/34ac61ac8e000943a3857b21aa733c6e/execute HTTP/1.1" 200 71</msg>
<msg timestamp="20200117 12:42:27.097" level="DEBUG">Finished Request</msg>
<msg timestamp="20200117 12:42:27.098" level="INFO">${paramValue} = 1</msg>
<status status="PASS" starttime="20200117 12:42:27.084" endtime="20200117 12:42:27.098"></status>
</kw>
<kw name="Exit For Loop If" library="BuiltIn">
<doc>Stops executing the enclosing for loop if the ``condition`` is true.</doc>
<arguments>
<arg>'${paramInnerText}'=='${companyName}'</arg>
</arguments>
<status status="PASS" starttime="20200117 12:42:27.098" endtime="20200117 12:42:27.099"></status>
</kw>
<status status="PASS" starttime="20200117 12:42:27.057" endtime="20200117 12:42:27.099"></status>
</kw>
<kw name="${a} = 2" type="foritem">
<kw name="Get Company List Js" library="User_Defined_Library">
<arguments>
<arg>${a}</arg>
</arguments>
<assign>
<var>${paramJs}</var>
</assign>
<msg timestamp="20200117 12:42:27.101" level="INFO">${paramJs} = ('return window.document.getElementById("company").querySelectorAll("option")[2].innerText', 'return window.document.getElementById("company").querySelectorAll("option")[2].value')</msg>
<status status="PASS" starttime="20200117 12:42:27.100" endtime="20200117 12:42:27.101"></status>
</kw>
<kw name="Execute Javascript" library="Selenium2Library">
<doc>Executes the given JavaScript code with possible arguments.</doc>
<arguments>
<arg>${paramJs}[0]</arg>
</arguments>
<assign>
<var>${paramInnerText}</var>
</assign>
<msg timestamp="20200117 12:42:27.103" level="INFO">Executing JavaScript:
return window.document.getElementById("company").querySelectorAll("option")[2].innerText
Without any arguments.</msg>
<msg timestamp="20200117 12:42:27.104" level="DEBUG">POST http://127.0.0.1:57145/session/34ac61ac8e000943a3857b21aa733c6e/execute {"script": "return window.document.getElementById(\"company\").querySelectorAll(\"option\")[2].innerText", "args": [], "sessionId": "34ac61ac8e000943a3857b21aa733c6e"}</msg>
<msg timestamp="20200117 12:42:27.115" level="DEBUG">http://127.0.0.1:57145 "POST /session/34ac61ac8e000943a3857b21aa733c6e/execute HTTP/1.1" 200 87</msg>
<msg timestamp="20200117 12:42:27.115" level="DEBUG">Finished Request</msg>
<msg timestamp="20200117 12:42:27.116" level="INFO">${paramInnerText} = Thinking Machines</msg>
<status status="PASS" starttime="20200117 12:42:27.102" endtime="20200117 12:42:27.116"></status>
</kw>
<kw name="Execute Javascript" library="Selenium2Library">
<doc>Executes the given JavaScript code with possible arguments.</doc>
<arguments>
<arg>${paramJs}[1]</arg>
</arguments>
<assign>
<var>${paramValue}</var>
</assign>
<msg timestamp="20200117 12:42:27.118" level="INFO">Executing JavaScript:
return window.document.getElementById("company").querySelectorAll("option")[2].value
Without any arguments.</msg>
<msg timestamp="20200117 12:42:27.119" level="DEBUG">POST http://127.0.0.1:57145/session/34ac61ac8e000943a3857b21aa733c6e/execute {"script": "return window.document.getElementById(\"company\").querySelectorAll(\"option\")[2].value", "args": [], "sessionId": "34ac61ac8e000943a3857b21aa733c6e"}</msg>
<msg timestamp="20200117 12:42:27.129" level="DEBUG">http://127.0.0.1:57145 "POST /session/34ac61ac8e000943a3857b21aa733c6e/execute HTTP/1.1" 200 71</msg>
<msg timestamp="20200117 12:42:27.130" level="DEBUG">Finished Request</msg>
<msg timestamp="20200117 12:42:27.131" level="INFO">${paramValue} = 2</msg>
<status status="PASS" starttime="20200117 12:42:27.116" endtime="20200117 12:42:27.131"></status>
</kw>
<kw name="Exit For Loop If" library="BuiltIn">
<doc>Stops executing the enclosing for loop if the ``condition`` is true.</doc>
<arguments>
<arg>'${paramInnerText}'=='${companyName}'</arg>
</arguments>
<status status="PASS" starttime="20200117 12:42:27.131" endtime="20200117 12:42:27.132"></status>
</kw>
<status status="PASS" starttime="20200117 12:42:27.100" endtime="20200117 12:42:27.132"></status>
</kw>
<kw name="${a} = 3" type="foritem">
<kw name="Get Company List Js" library="User_Defined_Library">
<arguments>
<arg>${a}</arg>
</arguments>
<assign>
<var>${paramJs}</var>
</assign>
<msg timestamp="20200117 12:42:27.134" level="INFO">${paramJs} = ('return window.document.getElementById("company").querySelectorAll("option")[3].innerText', 'return window.document.getElementById("company").querySelectorAll("option")[3].value')</msg>
<status status="PASS" starttime="20200117 12:42:27.133" endtime="20200117 12:42:27.134"></status>
</kw>
<kw name="Execute Javascript" library="Selenium2Library">
<doc>Executes the given JavaScript code with possible arguments.</doc>
<arguments>
<arg>${paramJs}[0]</arg>
</arguments>
<assign>
<var>${paramInnerText}</var>
</assign>
<msg timestamp="20200117 12:42:27.135" level="INFO">Executing JavaScript:
return window.document.getElementById("company").querySelectorAll("option")[3].innerText
Without any arguments.</msg>
<msg timestamp="20200117 12:42:27.137" level="DEBUG">POST http://127.0.0.1:57145/session/34ac61ac8e000943a3857b21aa733c6e/execute {"script": "return window.document.getElementById(\"company\").querySelectorAll(\"option\")[3].innerText", "args": [], "sessionId": "34ac61ac8e000943a3857b21aa733c6e"}</msg>
<msg timestamp="20200117 12:42:27.150" level="DEBUG">http://127.0.0.1:57145 "POST /session/34ac61ac8e000943a3857b21aa733c6e/execute HTTP/1.1" 200 73</msg>
<msg timestamp="20200117 12:42:27.151" level="DEBUG">Finished Request</msg>
<msg timestamp="20200117 12:42:27.151" level="INFO">${paramInnerText} = RCA</msg>
<status status="PASS" starttime="20200117 12:42:27.134" endtime="20200117 12:42:27.151"></status>
</kw>
<kw name="Execute Javascript" library="Selenium2Library">
<doc>Executes the given JavaScript code with possible arguments.</doc>
<arguments>
<arg>${paramJs}[1]</arg>
</arguments>
<assign>
<var>${paramValue}</var>
</assign>
<msg timestamp="20200117 12:42:27.153" level="INFO">Executing JavaScript:
return window.document.getElementById("company").querySelectorAll("option")[3].value
Without any arguments.</msg>
<msg timestamp="20200117 12:42:27.154" level="DEBUG">POST http://127.0.0.1:57145/session/34ac61ac8e000943a3857b21aa733c6e/execute {"script": "return window.document.getElementById(\"company\").querySelectorAll(\"option\")[3].value", "args": [], "sessionId": "34ac61ac8e000943a3857b21aa733c6e"}</msg>
<msg timestamp="20200117 12:42:27.163" level="DEBUG">http://127.0.0.1:57145 "POST /session/34ac61ac8e000943a3857b21aa733c6e/execute HTTP/1.1" 200 71</msg>
<msg timestamp="20200117 12:42:27.164" level="DEBUG">Finished Request</msg>
<msg timestamp="20200117 12:42:27.165" level="INFO">${paramValue} = 3</msg>
<status status="PASS" starttime="20200117 12:42:27.152" endtime="20200117 12:42:27.165"></status>
</kw>
<kw name="Exit For Loop If" library="BuiltIn">
<doc>Stops executing the enclosing for loop if the ``condition`` is true.</doc>
<arguments>
<arg>'${paramInnerText}'=='${companyName}'</arg>
</arguments>
<status status="PASS" starttime="20200117 12:42:27.166" endtime="20200117 12:42:27.167"></status>
</kw>
<status status="PASS" starttime="20200117 12:42:27.133" endtime="20200117 12:42:27.167"></status>
</kw>
<kw name="${a} = 4" type="foritem">
<kw name="Get Company List Js" library="User_Defined_Library">
<arguments>
<arg>${a}</arg>
</arguments>
<assign>
<var>${paramJs}</var>
</assign>
<msg timestamp="20200117 12:42:27.169" level="INFO">${paramJs} = ('return window.document.getElementById("company").querySelectorAll("option")[4].innerText', 'return window.document.getElementById("company").querySelectorAll("option")[4].value')</msg>
<status status="PASS" starttime="20200117 12:42:27.169" endtime="20200117 12:42:27.170"></status>
</kw>
<kw name="Execute Javascript" library="Selenium2Library">
<doc>Executes the given JavaScript code with possible arguments.</doc>
<arguments>
<arg>${paramJs}[0]</arg>
</arguments>
<assign>
<var>${paramInnerText}</var>
</assign>
<msg timestamp="20200117 12:42:27.171" level="INFO">Executing JavaScript:
return window.document.getElementById("company").querySelectorAll("option")[4].innerText
Without any arguments.</msg>
<msg timestamp="20200117 12:42:27.171" level="DEBUG">POST http://127.0.0.1:57145/session/34ac61ac8e000943a3857b21aa733c6e/execute {"script": "return window.document.getElementById(\"company\").querySelectorAll(\"option\")[4].innerText", "args": [], "sessionId": "34ac61ac8e000943a3857b21aa733c6e"}</msg>
<msg timestamp="20200117 12:42:27.200" level="DEBUG">http://127.0.0.1:57145 "POST /session/34ac61ac8e000943a3857b21aa733c6e/execute HTTP/1.1" 200 79</msg>
<msg timestamp="20200117 12:42:27.201" level="DEBUG">Finished Request</msg>
<msg timestamp="20200117 12:42:27.202" level="INFO">${paramInnerText} = Netronics</msg>
<status status="PASS" starttime="20200117 12:42:27.170" endtime="20200117 12:42:27.202"></status>
</kw>
<kw name="Execute Javascript" library="Selenium2Library">
<doc>Executes the given JavaScript code with possible arguments.</doc>
<arguments>
<arg>${paramJs}[1]</arg>
</arguments>
<assign>
<var>${paramValue}</var>
</assign>
<msg timestamp="20200117 12:42:27.205" level="INFO">Executing JavaScript:
return window.document.getElementById("company").querySelectorAll("option")[4].value
Without any arguments.</msg>
<msg timestamp="20200117 12:42:27.205" level="DEBUG">POST http://127.0.0.1:57145/session/34ac61ac8e000943a3857b21aa733c6e/execute {"script": "return window.document.getElementById(\"company\").querySelectorAll(\"option\")[4].value", "args": [], "sessionId": "34ac61ac8e000943a3857b21aa733c6e"}</msg>
<msg timestamp="20200117 12:42:27.217" level="DEBUG">http://127.0.0.1:57145 "POST /session/34ac61ac8e000943a3857b21aa733c6e/execute HTTP/1.1" 200 71</msg>
<msg timestamp="20200117 12:42:27.218" level="DEBUG">Finished Request</msg>
<msg timestamp="20200117 12:42:27.218" level="INFO">${paramValue} = 4</msg>
<status status="PASS" starttime="20200117 12:42:27.203" endtime="20200117 12:42:27.218"></status>
</kw>
<kw name="Exit For Loop If" library="BuiltIn">
<doc>Stops executing the enclosing for loop if the ``condition`` is true.</doc>
<arguments>
<arg>'${paramInnerText}'=='${companyName}'</arg>
</arguments>
<status status="PASS" starttime="20200117 12:42:27.218" endtime="20200117 12:42:27.219"></status>
</kw>
<status status="PASS" starttime="20200117 12:42:27.168" endtime="20200117 12:42:27.220"></status>
</kw>
<kw name="${a} = 5" type="foritem">
<kw name="Get Company List Js" library="User_Defined_Library">
<arguments>
<arg>${a}</arg>
</arguments>
<assign>
<var>${paramJs}</var>
</assign>
<msg timestamp="20200117 12:42:27.221" level="INFO">${paramJs} = ('return window.document.getElementById("company").querySelectorAll("option")[5].innerText', 'return window.document.getElementById("company").querySelectorAll("option")[5].value')</msg>
<status status="PASS" starttime="20200117 12:42:27.220" endtime="20200117 12:42:27.221"></status>
</kw>
<kw name="Execute Javascript" library="Selenium2Library">
<doc>Executes the given JavaScript code with possible arguments.</doc>
<arguments>
<arg>${paramJs}[0]</arg>
</arguments>
<assign>
<var>${paramInnerText}</var>
</assign>
<msg timestamp="20200117 12:42:27.222" level="INFO">Executing JavaScript:
return window.document.getElementById("company").querySelectorAll("option")[5].innerText
Without any arguments.</msg>
<msg timestamp="20200117 12:42:27.222" level="DEBUG">POST http://127.0.0.1:57145/session/34ac61ac8e000943a3857b21aa733c6e/execute {"script": "return window.document.getElementById(\"company\").querySelectorAll(\"option\")[5].innerText", "args": [], "sessionId": "34ac61ac8e000943a3857b21aa733c6e"}</msg>
<msg timestamp="20200117 12:42:27.233" level="DEBUG">http://127.0.0.1:57145 "POST /session/34ac61ac8e000943a3857b21aa733c6e/execute HTTP/1.1" 200 87</msg>
<msg timestamp="20200117 12:42:27.234" level="DEBUG">Finished Request</msg>
<msg timestamp="20200117 12:42:27.234" level="INFO">${paramInnerText} = Tandy Corporation</msg>
<status status="PASS" starttime="20200117 12:42:27.221" endtime="20200117 12:42:27.234"></status>
</kw>
<kw name="Execute Javascript" library="Selenium2Library">
<doc>Executes the given JavaScript code with possible arguments.</doc>
<arguments>
<arg>${paramJs}[1]</arg>
</arguments>
<assign>
<var>${paramValue}</var>
</assign>
<msg timestamp="20200117 12:42:27.236" level="INFO">Executing JavaScript:
return window.document.getElementById("company").querySelectorAll("option")[5].value
Without any arguments.</msg>
<msg timestamp="20200117 12:42:27.236" level="DEBUG">POST http://127.0.0.1:57145/session/34ac61ac8e000943a3857b21aa733c6e/execute {"script": "return window.document.getElementById(\"company\").querySelectorAll(\"option\")[5].value", "args": [], "sessionId": "34ac61ac8e000943a3857b21aa733c6e"}</msg>
<msg timestamp="20200117 12:42:27.248" level="DEBUG">http://127.0.0.1:57145 "POST /session/34ac61ac8e000943a3857b21aa733c6e/execute HTTP/1.1" 200 71</msg>
<msg timestamp="20200117 12:42:27.249" level="DEBUG">Finished Request</msg>
<msg timestamp="20200117 12:42:27.249" level="INFO">${paramValue} = 5</msg>
<status status="PASS" starttime="20200117 12:42:27.235" endtime="20200117 12:42:27.249"></status>
</kw>
<kw name="Exit For Loop If" library="BuiltIn">
<doc>Stops executing the enclosing for loop if the ``condition`` is true.</doc>
<arguments>
<arg>'${paramInnerText}'=='${companyName}'</arg>
</arguments>
<status status="PASS" starttime="20200117 12:42:27.250" endtime="20200117 12:42:27.251"></status>
</kw>
<status status="PASS" starttime="20200117 12:42:27.220" endtime="20200117 12:42:27.251"></status>
</kw>
<kw name="${a} = 6" type="foritem">
<kw name="Get Company List Js" library="User_Defined_Library">
<arguments>
<arg>${a}</arg>
</arguments>
<assign>
<var>${paramJs}</var>
</assign>
<msg timestamp="20200117 12:42:27.252" level="INFO">${paramJs} = ('return window.document.getElementById("company").querySelectorAll("option")[6].innerText', 'return window.document.getElementById("company").querySelectorAll("option")[6].value')</msg>
<status status="PASS" starttime="20200117 12:42:27.252" endtime="20200117 12:42:27.252"></status>
</kw>
<kw name="Execute Javascript" library="Selenium2Library">
<doc>Executes the given JavaScript code with possible arguments.</doc>
<arguments>
<arg>${paramJs}[0]</arg>
</arguments>
<assign>
<var>${paramInnerText}</var>
</assign>
<msg timestamp="20200117 12:42:27.254" level="INFO">Executing JavaScript:
return window.document.getElementById("company").querySelectorAll("option")[6].innerText
Without any arguments.</msg>
<msg timestamp="20200117 12:42:27.254" level="DEBUG">POST http://127.0.0.1:57145/session/34ac61ac8e000943a3857b21aa733c6e/execute {"script": "return window.document.getElementById(\"company\").querySelectorAll(\"option\")[6].innerText", "args": [], "sessionId": "34ac61ac8e000943a3857b21aa733c6e"}</msg>
<msg timestamp="20200117 12:42:27.263" level="DEBUG">http://127.0.0.1:57145 "POST /session/34ac61ac8e000943a3857b21aa733c6e/execute HTTP/1.1" 200 93</msg>
<msg timestamp="20200117 12:42:27.264" level="DEBUG">Finished Request</msg>
<msg timestamp="20200117 12:42:27.265" level="INFO">${paramInnerText} = Commodore International</msg>
<status status="PASS" starttime="20200117 12:42:27.253" endtime="20200117 12:42:27.265"></status>
</kw>
<kw name="Execute Javascript" library="Selenium2Library">
<doc>Executes the given JavaScript code with possible arguments.</doc>
<arguments>
<arg>${paramJs}[1]</arg>
</arguments>
<assign>
<var>${paramValue}</var>
</assign>
<msg timestamp="20200117 12:42:27.267" level="INFO">Executing JavaScript:
return window.document.getElementById("company").querySelectorAll("option")[6].value
Without any arguments.</msg>
<msg timestamp="20200117 12:42:27.267" level="DEBUG">POST http://127.0.0.1:57145/session/34ac61ac8e000943a3857b21aa733c6e/execute {"script": "return window.document.getElementById(\"company\").querySelectorAll(\"option\")[6].value", "args": [], "sessionId": "34ac61ac8e000943a3857b21aa733c6e"}</msg>
<msg timestamp="20200117 12:42:27.279" level="DEBUG">http://127.0.0.1:57145 "POST /session/34ac61ac8e000943a3857b21aa733c6e/execute HTTP/1.1" 200 71</msg>
<msg timestamp="20200117 12:42:27.280" level="DEBUG">Finished Request</msg>
<msg timestamp="20200117 12:42:27.280" level="INFO">${paramValue} = 6</msg>
<status status="PASS" starttime="20200117 12:42:27.266" endtime="20200117 12:42:27.280"></status>
</kw>
<kw name="Exit For Loop If" library="BuiltIn">
<doc>Stops executing the enclosing for loop if the ``condition`` is true.</doc>
<arguments>
<arg>'${paramInnerText}'=='${companyName}'</arg>
</arguments>
<status status="PASS" starttime="20200117 12:42:27.281" endtime="20200117 12:42:27.282"></status>
</kw>
<status status="PASS" starttime="20200117 12:42:27.251" endtime="20200117 12:42:27.282"></status>
</kw>
<kw name="${a} = 7" type="foritem">
<kw name="Get Company List Js" library="User_Defined_Library">
<arguments>
<arg>${a}</arg>
</arguments>
<assign>
<var>${paramJs}</var>
</assign>
<msg timestamp="20200117 12:42:27.283" level="INFO">${paramJs} = ('return window.document.getElementById("company").querySelectorAll("option")[7].innerText', 'return window.document.getElementById("company").querySelectorAll("option")[7].value')</msg>
<status status="PASS" starttime="20200117 12:42:27.283" endtime="20200117 12:42:27.283"></status>
</kw>
<kw name="Execute Javascript" library="Selenium2Library">
<doc>Executes the given JavaScript code with possible arguments.</doc>
<arguments>
<arg>${paramJs}[0]</arg>
</arguments>
<assign>
<var>${paramInnerText}</var>
</assign>
<msg timestamp="20200117 12:42:27.285" level="INFO">Executing JavaScript:
return window.document.getElementById("company").querySelectorAll("option")[7].innerText
Without any arguments.</msg>
<msg timestamp="20200117 12:42:27.286" level="DEBUG">POST http://127.0.0.1:57145/session/34ac61ac8e000943a3857b21aa733c6e/execute {"script": "return window.document.getElementById(\"company\").querySelectorAll(\"option\")[7].innerText", "args": [], "sessionId": "34ac61ac8e000943a3857b21aa733c6e"}</msg>
<msg timestamp="20200117 12:42:27.296" level="DEBUG">http://127.0.0.1:57145 "POST /session/34ac61ac8e000943a3857b21aa733c6e/execute HTTP/1.1" 200 84</msg>
<msg timestamp="20200117 12:42:27.297" level="DEBUG">Finished Request</msg>
<msg timestamp="20200117 12:42:27.297" level="INFO">${paramInnerText} = MOS Technology</msg>
<status status="PASS" starttime="20200117 12:42:27.284" endtime="20200117 12:42:27.297"></status>
</kw>
<kw name="Execute Javascript" library="Selenium2Library">
<doc>Executes the given JavaScript code with possible arguments.</doc>
<arguments>
<arg>${paramJs}[1]</arg>
</arguments>
<assign>
<var>${paramValue}</var>
</assign>
<msg timestamp="20200117 12:42:27.299" level="INFO">Executing JavaScript:
return window.document.getElementById("company").querySelectorAll("option")[7].value
Without any arguments.</msg>
<msg timestamp="20200117 12:42:27.299" level="DEBUG">POST http://127.0.0.1:57145/session/34ac61ac8e000943a3857b21aa733c6e/execute {"script": "return window.document.getElementById(\"company\").querySelectorAll(\"option\")[7].value", "args": [], "sessionId": "34ac61ac8e000943a3857b21aa733c6e"}</msg>
<msg timestamp="20200117 12:42:27.307" level="DEBUG">http://127.0.0.1:57145 "POST /session/34ac61ac8e000943a3857b21aa733c6e/execute HTTP/1.1" 200 71</msg>
<msg timestamp="20200117 12:42:27.308" level="DEBUG">Finished Request</msg>
<msg timestamp="20200117 12:42:27.308" level="INFO">${paramValue} = 7</msg>
<status status="PASS" starttime="20200117 12:42:27.298" endtime="20200117 12:42:27.308"></status>
</kw>
<kw name="Exit For Loop If" library="BuiltIn">
<doc>Stops executing the enclosing for loop if the ``condition`` is true.</doc>
<arguments>
<arg>'${paramInnerText}'=='${companyName}'</arg>
</arguments>
<status status="PASS" starttime="20200117 12:42:27.309" endtime="20200117 12:42:27.309"></status>
</kw>
<status status="PASS" starttime="20200117 12:42:27.282" endtime="20200117 12:42:27.310"></status>
</kw>
<kw name="${a} = 8" type="foritem">
<kw name="Get Company List Js" library="User_Defined_Library">
<arguments>
<arg>${a}</arg>
</arguments>
<assign>
<var>${paramJs}</var>
</assign>
<msg timestamp="20200117 12:42:27.311" level="INFO">${paramJs} = ('return window.document.getElementById("company").querySelectorAll("option")[8].innerText', 'return window.document.getElementById("company").querySelectorAll("option")[8].value')</msg>
<status status="PASS" starttime="20200117 12:42:27.310" endtime="20200117 12:42:27.311"></status>
</kw>
<kw name="Execute Javascript" library="Selenium2Library">
<doc>Executes the given JavaScript code with possible arguments.</doc>
<arguments>
<arg>${paramJs}[0]</arg>
</arguments>
<assign>
<var>${paramInnerText}</var>
</assign>
<msg timestamp="20200117 12:42:27.313" level="INFO">Executing JavaScript:
return window.document.getElementById("company").querySelectorAll("option")[8].innerText
Without any arguments.</msg>
<msg timestamp="20200117 12:42:27.313" level="DEBUG">POST http://127.0.0.1:57145/session/34ac61ac8e000943a3857b21aa733c6e/execute {"script": "return window.document.getElementById(\"company\").querySelectorAll(\"option\")[8].innerText", "args": [], "sessionId": "34ac61ac8e000943a3857b21aa733c6e"}</msg>
<msg timestamp="20200117 12:42:27.326" level="DEBUG">http://127.0.0.1:57145 "POST /session/34ac61ac8e000943a3857b21aa733c6e/execute HTTP/1.1" 200 113</msg>
<msg timestamp="20200117 12:42:27.329" level="DEBUG">Finished Request</msg>
<msg timestamp="20200117 12:42:27.329" level="INFO">${paramInnerText} = Micro Instrumentation and Telemetry Systems</msg>
<status status="PASS" starttime="20200117 12:42:27.312" endtime="20200117 12:42:27.329"></status>
</kw>
<kw name="Execute Javascript" library="Selenium2Library">
<doc>Executes the given JavaScript code with possible arguments.</doc>
<arguments>
<arg>${paramJs}[1]</arg>
</arguments>
<assign>
<var>${paramValue}</var>
</assign>
<msg timestamp="20200117 12:42:27.330" level="INFO">Executing JavaScript:
return window.document.getElementById("company").querySelectorAll("option")[8].value
Without any arguments.</msg>
<msg timestamp="20200117 12:42:27.331" level="DEBUG">POST http://127.0.0.1:57145/session/34ac61ac8e000943a3857b21aa733c6e/execute {"script": "return window.document.getElementById(\"company\").querySelectorAll(\"option\")[8].value", "args": [], "sessionId": "34ac61ac8e000943a3857b21aa733c6e"}</msg>
<msg timestamp="20200117 12:42:27.339" level="DEBUG">http://127.0.0.1:57145 "POST /session/34ac61ac8e000943a3857b21aa733c6e/execute HTTP/1.1" 200 71</msg>
<msg timestamp="20200117 12:42:27.340" level="DEBUG">Finished Request</msg>
<msg timestamp="20200117 12:42:27.340" level="INFO">${paramValue} = 8</msg>
<status status="PASS" starttime="20200117 12:42:27.330" endtime="20200117 12:42:27.340"></status>
</kw>
<kw name="Exit For Loop If" library="BuiltIn">
<doc>Stops executing the enclosing for loop if the ``condition`` is true.</doc>
<arguments>
<arg>'${paramInnerText}'=='${companyName}'</arg>
</arguments>
<msg timestamp="20200117 12:42:27.341" level="INFO">Exiting for loop altogether.</msg>
<status status="PASS" starttime="20200117 12:42:27.341" endtime="20200117 12:42:27.341"></status>
</kw>
<status status="PASS" starttime="20200117 12:42:27.310" endtime="20200117 12:42:27.342"></status>
</kw>
<status status="PASS" starttime="20200117 12:42:27.057" endtime="20200117 12:42:27.342"></status>
</kw>
<kw name="Select From List By Value" library="Selenium2Library">
<doc>Selects options from selection list ``locator`` by ``values``.</doc>
<arguments>
<arg>id=company</arg>
<arg>${paramValue}</arg>
</arguments>
<msg timestamp="20200117 12:42:27.344" level="INFO">Selecting options from selection list 'id=company' by value 8.</msg>
<msg timestamp="20200117 12:42:27.345" level="DEBUG">POST http://127.0.0.1:57145/session/34ac61ac8e000943a3857b21aa733c6e/elements {"using": "id", "value": "company", "sessionId": "34ac61ac8e000943a3857b21aa733c6e"}</msg>
<msg timestamp="20200117 12:42:27.374" level="DEBUG">http://127.0.0.1:57145 "POST /session/34ac61ac8e000943a3857b21aa733c6e/elements HTTP/1.1" 200 105</msg>
<msg timestamp="20200117 12:42:27.374" level="DEBUG">Finished Request</msg>
<msg timestamp="20200117 12:42:27.377" level="DEBUG">GET http://127.0.0.1:57145/session/34ac61ac8e000943a3857b21aa733c6e/element/0.2927976824047924-51/name {"id": "0.2927976824047924-51", "sessionId": "34ac61ac8e000943a3857b21aa733c6e"}</msg>
<msg timestamp="20200117 12:42:27.390" level="DEBUG">http://127.0.0.1:57145 "GET /session/34ac61ac8e000943a3857b21aa733c6e/element/0.2927976824047924-51/name HTTP/1.1" 200 76</msg>
<msg timestamp="20200117 12:42:27.392" level="DEBUG">Finished Request</msg>
<msg timestamp="20200117 12:42:27.392" level="DEBUG">GET http://127.0.0.1:57145/session/34ac61ac8e000943a3857b21aa733c6e/element/0.2927976824047924-51/name {"id": "0.2927976824047924-51", "sessionId": "34ac61ac8e000943a3857b21aa733c6e"}</msg>
<msg timestamp="20200117 12:42:27.401" level="DEBUG">http://127.0.0.1:57145 "GET /session/34ac61ac8e000943a3857b21aa733c6e/element/0.2927976824047924-51/name HTTP/1.1" 200 76</msg>
<msg timestamp="20200117 12:42:27.402" level="DEBUG">Finished Request</msg>
<msg timestamp="20200117 12:42:27.402" level="DEBUG">GET http://127.0.0.1:57145/session/34ac61ac8e000943a3857b21aa733c6e/element/0.2927976824047924-51/attribute/multiple {"name": "multiple", "id": "0.2927976824047924-51", "sessionId": "34ac61ac8e000943a3857b21aa733c6e"}</msg>
<msg timestamp="20200117 12:42:27.418" level="DEBUG">http://127.0.0.1:57145 "GET /session/34ac61ac8e000943a3857b21aa733c6e/element/0.2927976824047924-51/attribute/multiple HTTP/1.1" 200 72</msg>
<msg timestamp="20200117 12:42:27.418" level="DEBUG">Finished Request</msg>
<msg timestamp="20200117 12:42:27.419" level="DEBUG">POST http://127.0.0.1:57145/session/34ac61ac8e000943a3857b21aa733c6e/element/0.2927976824047924-51/elements {"using": "css selector", "value": "option[value =\"8\"]", "id": "0.2927976824047924-51", "sessionId": "34ac61ac8e000943a3857b21aa733c6e"}</msg>
<msg timestamp="20200117 12:42:27.449" level="DEBUG">http://127.0.0.1:57145 "POST /session/34ac61ac8e000943a3857b21aa733c6e/element/0.2927976824047924-51/elements HTTP/1.1" 200 105</msg>
<msg timestamp="20200117 12:42:27.450" level="DEBUG">Finished Request</msg>
<msg timestamp="20200117 12:42:27.450" level="DEBUG">GET http://127.0.0.1:57145/session/34ac61ac8e000943a3857b21aa733c6e/element/0.2927976824047924-16/selected {"id": "0.2927976824047924-16", "sessionId": "34ac61ac8e000943a3857b21aa733c6e"}</msg>
<msg timestamp="20200117 12:42:27.476" level="DEBUG">http://127.0.0.1:57145 "GET /session/34ac61ac8e000943a3857b21aa733c6e/element/0.2927976824047924-16/selected HTTP/1.1" 200 73</msg>
<msg timestamp="20200117 12:42:27.476" level="DEBUG">Finished Request</msg>
<msg timestamp="20200117 12:42:27.477" level="DEBUG">POST http://127.0.0.1:57145/session/34ac61ac8e000943a3857b21aa733c6e/element/0.2927976824047924-16/click {"id": "0.2927976824047924-16", "sessionId": "34ac61ac8e000943a3857b21aa733c6e"}</msg>
<msg timestamp="20200117 12:42:27.551" level="DEBUG">http://127.0.0.1:57145 "POST /session/34ac61ac8e000943a3857b21aa733c6e/element/0.2927976824047924-16/click HTTP/1.1" 200 72</msg>
<msg timestamp="20200117 12:42:27.552" level="DEBUG">Finished Request</msg>
<status status="PASS" starttime="20200117 12:42:27.342" endtime="20200117 12:42:27.552"></status>
</kw>
<kw name="Highlight Object" library="Generic">
<arguments>
<arg>id</arg>
<arg>company</arg>
</arguments>
<kw name="Sleep" library="BuiltIn">
<doc>Pauses the test executed for the given time.</doc>
<arguments>
<arg>1s</arg>
</arguments>
<msg timestamp="20200117 12:42:28.555" level="INFO">Slept 1 second</msg>
<status status="PASS" starttime="20200117 12:42:27.553" endtime="20200117 12:42:28.555"></status>
</kw>
<kw name="Run Keyword If" library="BuiltIn">
<doc>Runs the given keyword with the given arguments, if ``condition`` is true.</doc>
<arguments>
<arg>'${objType}'=='id'</arg>
<arg>Set Variable</arg>
<arg>window.document.getElementById("${objValue}")</arg>
<arg>ELSE IF</arg>
<arg>'${objType}'=='other'</arg>
<arg>Set Variable</arg>
<arg>${objValue}</arg>
</arguments>
<assign>
<var>${obj}</var>
</assign>
<kw name="Set Variable" library="BuiltIn">
<doc>Returns the given values which can then be assigned to a variables.</doc>
<arguments>
<arg>window.document.getElementById("${objValue}")</arg>
</arguments>
<status status="PASS" starttime="20200117 12:42:28.557" endtime="20200117 12:42:28.558"></status>
</kw>
<msg timestamp="20200117 12:42:28.559" level="INFO">${obj} = window.document.getElementById("company")</msg>
<status status="PASS" starttime="20200117 12:42:28.556" endtime="20200117 12:42:28.559"></status>
</kw>
<kw name="Execute Javascript" library="Selenium2Library">
<doc>Executes the given JavaScript code with possible arguments.</doc>
<arguments>
<arg>${obj}.style.border="solid #FF0000"</arg>
</arguments>
<msg timestamp="20200117 12:42:28.561" level="INFO">Executing JavaScript:
window.document.getElementById("company").style.border="solid #FF0000"
Without any arguments.</msg>
<msg timestamp="20200117 12:42:28.561" level="DEBUG">POST http://127.0.0.1:57145/session/34ac61ac8e000943a3857b21aa733c6e/execute {"script": "window.document.getElementById(\"company\").style.border=\"solid #FF0000\"", "args": [], "sessionId": "34ac61ac8e000943a3857b21aa733c6e"}</msg>
<msg timestamp="20200117 12:42:28.647" level="DEBUG">http://127.0.0.1:57145 "POST /session/34ac61ac8e000943a3857b21aa733c6e/execute HTTP/1.1" 200 72</msg>
<msg timestamp="20200117 12:42:28.647" level="DEBUG">Finished Request</msg>
<status status="PASS" starttime="20200117 12:42:28.559" endtime="20200117 12:42:28.648"></status>
</kw>
<kw name="Set Variable" library="BuiltIn">
<doc>Returns the given values which can then be assigned to a variables.</doc>
<arguments>
<arg>1</arg>
</arguments>
<assign>
<var>${x}</var>
</assign>
<msg timestamp="20200117 12:42:28.649" level="INFO">${x} = 1</msg>
<status status="PASS" starttime="20200117 12:42:28.648" endtime="20200117 12:42:28.649"></status>
</kw>
<kw name="Set Variable" library="BuiltIn">
<doc>Returns the given values which can then be assigned to a variables.</doc>
<arguments>
<arg>PageScreenshot_${x}</arg>
</arguments>
<assign>
<var>${page}</var>
</assign>
<msg timestamp="20200117 12:42:28.650" level="INFO">${page} = PageScreenshot_1</msg>
[...]
<msg timestamp="20200117 12:46:05.047" level="DEBUG">POST http://127.0.0.1:57257/session/937191c92b3da6e79bf9ce9502f19168/execute {"script": "window.document.getElementsByTagName(\"tbody\")[0].querySelectorAll(\"tr\")[0].querySelectorAll(\"td\")[0].querySelectorAll(\"a\")[0].style.border=\"solid #FF0000\"", "args": [], "sessionId": "937191c92b3da6e79bf9ce9502f19168"}</msg>
<msg timestamp="20200117 12:46:05.066" level="DEBUG">http://127.0.0.1:57257 "POST /session/937191c92b3da6e79bf9ce9502f19168/execute HTTP/1.1" 200 72</msg>
<msg timestamp="20200117 12:46:05.067" level="DEBUG">Finished Request</msg>
<status status="PASS" starttime="20200117 12:46:05.045" endtime="20200117 12:46:05.067"></status>
</kw>
<kw name="Set Variable" library="BuiltIn">
<doc>Returns the given values which can then be assigned to a variables.</doc>
<arguments>
<arg>1</arg>
</arguments>
<assign>
<var>${x}</var>
</assign>
<msg timestamp="20200117 12:46:05.069" level="INFO">${x} = 1</msg>
<status status="PASS" starttime="20200117 12:46:05.068" endtime="20200117 12:46:05.069"></status>
</kw>
<kw name="Set Variable" library="BuiltIn">
<doc>Returns the given values which can then be assigned to a variables.</doc>
<arguments>
<arg>PageScreenshot_${x}</arg>
</arguments>
<assign>
<var>${page}</var>
</assign>
<msg timestamp="20200117 12:46:05.070" level="INFO">${page} = PageScreenshot_1</msg>
<status status="PASS" starttime="20200117 12:46:05.070" endtime="20200117 12:46:05.070"></status>
</kw>
<kw name="Evaluate" library="BuiltIn">
<doc>Evaluates the given expression in Python and returns the results.</doc>
<arguments>
<arg>${x}+1</arg>
</arguments>
<assign>
<var>${x}</var>
</assign>
<msg timestamp="20200117 12:46:05.073" level="INFO">${x} = 2</msg>
<status status="PASS" starttime="20200117 12:46:05.072" endtime="20200117 12:46:05.073"></status>
</kw>
<kw name="Set Global Variable" library="BuiltIn">
<doc>Makes a variable available globally in all tests and suites.</doc>
<arguments>
<arg>${x}</arg>
</arguments>
<msg timestamp="20200117 12:46:05.074" level="INFO">${x} = 2</msg>
<status status="PASS" starttime="20200117 12:46:05.073" endtime="20200117 12:46:05.075"></status>
</kw>
<kw name="Capture Page Screenshot" library="Selenium2Library">
<doc>Takes a screenshot of the current page and embeds it into a log file.</doc>
<arguments>
<arg>${page}.png</arg>
</arguments>
<msg timestamp="20200117 12:46:05.077" level="DEBUG">GET http://127.0.0.1:57257/session/937191c92b3da6e79bf9ce9502f19168/screenshot {"sessionId": "937191c92b3da6e79bf9ce9502f19168"}</msg>
<msg timestamp="20200117 12:46:05.454" level="DEBUG">http://127.0.0.1:57257 "GET /session/937191c92b3da6e79bf9ce9502f19168/screenshot HTTP/1.1" 200 49318</msg>
<msg timestamp="20200117 12:46:05.455" level="DEBUG">Finished Request</msg>
<msg timestamp="20200117 12:46:05.459" level="INFO" html="yes">&lt;/td&gt;&lt;/tr&gt;&lt;tr&gt;&lt;td colspan="3"&gt;&lt;a href="PageScreenshot_1.png"&gt;&lt;img src="PageScreenshot_1.png" width="800px"&gt;&lt;/a&gt;</msg>
<status status="PASS" starttime="20200117 12:46:05.075" endtime="20200117 12:46:05.460"></status>
</kw>
<kw name="Sleep" library="BuiltIn">
<doc>Pauses the test executed for the given time.</doc>
<arguments>
<arg>1s</arg>
</arguments>
<msg timestamp="20200117 12:46:06.462" level="INFO">Slept 1 second</msg>
<status status="PASS" starttime="20200117 12:46:05.460" endtime="20200117 12:46:06.463"></status>
</kw>
<kw name="Execute Javascript" library="Selenium2Library">
<doc>Executes the given JavaScript code with possible arguments.</doc>
<arguments>
<arg>${obj}.style.border=""</arg>
</arguments>
<msg timestamp="20200117 12:46:06.466" level="INFO">Executing JavaScript:
window.document.getElementsByTagName("tbody")[0].querySelectorAll("tr")[0].querySelectorAll("td")[0].querySelectorAll("a")[0].style.border=""
Without any arguments.</msg>
<msg timestamp="20200117 12:46:06.467" level="DEBUG">POST http://127.0.0.1:57257/session/937191c92b3da6e79bf9ce9502f19168/execute {"script": "window.document.getElementsByTagName(\"tbody\")[0].querySelectorAll(\"tr\")[0].querySelectorAll(\"td\")[0].querySelectorAll(\"a\")[0].style.border=\"\"", "args": [], "sessionId": "937191c92b3da6e79bf9ce9502f19168"}</msg>
<msg timestamp="20200117 12:46:06.488" level="DEBUG">http://127.0.0.1:57257 "POST /session/937191c92b3da6e79bf9ce9502f19168/execute HTTP/1.1" 200 72</msg>
<msg timestamp="20200117 12:46:06.489" level="DEBUG">Finished Request</msg>
<status status="PASS" starttime="20200117 12:46:06.463" endtime="20200117 12:46:06.490"></status>
</kw>
<kw name="Sleep" library="BuiltIn">
<doc>Pauses the test executed for the given time.</doc>
<arguments>
<arg>1s</arg>
</arguments>
<msg timestamp="20200117 12:46:07.491" level="INFO">Slept 1 second</msg>
<status status="PASS" starttime="20200117 12:46:06.490" endtime="20200117 12:46:07.493"></status>
</kw>
<status status="PASS" starttime="20200117 12:46:04.038" endtime="20200117 12:46:07.494"></status>
</kw>
<kw name="Sleep" library="BuiltIn">
<doc>Pauses the test executed for the given time.</doc>
<arguments>
<arg>1s</arg>
</arguments>
<msg timestamp="20200117 12:46:08.500" level="INFO">Slept 1 second</msg>
<status status="PASS" starttime="20200117 12:46:07.498" endtime="20200117 12:46:08.502"></status>
</kw>
<kw name="Execute Javascript" library="Selenium2Library">
<doc>Executes the given JavaScript code with possible arguments.</doc>
<arguments>
<arg>${searchedComputerObj}.click();</arg>
</arguments>
<msg timestamp="20200117 12:46:08.507" level="INFO">Executing JavaScript:
window.document.getElementsByTagName("tbody")[0].querySelectorAll("tr")[0].querySelectorAll("td")[0].querySelectorAll("a")[0].click();
Without any arguments.</msg>
<msg timestamp="20200117 12:46:08.508" level="DEBUG">POST http://127.0.0.1:57257/session/937191c92b3da6e79bf9ce9502f19168/execute {"script": "window.document.getElementsByTagName(\"tbody\")[0].querySelectorAll(\"tr\")[0].querySelectorAll(\"td\")[0].querySelectorAll(\"a\")[0].click();", "args": [], "sessionId": "937191c92b3da6e79bf9ce9502f19168"}</msg>
<msg timestamp="20200117 12:46:09.006" level="DEBUG">http://127.0.0.1:57257 "POST /session/937191c92b3da6e79bf9ce9502f19168/execute HTTP/1.1" 200 72</msg>
<msg timestamp="20200117 12:46:09.007" level="DEBUG">Finished Request</msg>
<status status="PASS" starttime="20200117 12:46:08.505" endtime="20200117 12:46:09.008"></status>
</kw>
<status status="PASS" starttime="20200117 12:46:04.036" endtime="20200117 12:46:09.008"></status>
</kw>
<status status="PASS" starttime="20200117 12:46:04.035" endtime="20200117 12:46:09.008"></status>
</kw>
<status status="PASS" starttime="20200117 12:46:04.034" endtime="20200117 12:46:09.009"></status>
</kw>
<status status="PASS" starttime="20200117 12:44:50.380" endtime="20200117 12:46:09.009"></status>
</kw>
<kw name="GIVEN EDIT COMPUTER PAGE IS DISPLAYED" library="DELETE">
<kw name="Run Keyword And Return Status" library="BuiltIn">
<doc>Runs the given keyword with given arguments and returns the status as a Boolean value.</doc>
<arguments>
<arg>Wait Until Page Contains</arg>
<arg>Edit computer</arg>
<arg>30s</arg>
</arguments>
<assign>
<var>${status}</var>
</assign>
<kw name="Wait Until Page Contains" library="Selenium2Library">
<doc>Waits until ``text`` appears on the current page.</doc>
<arguments>
<arg>Edit computer</arg>
<arg>30s</arg>
</arguments>
<msg timestamp="20200117 12:46:09.015" level="DEBUG">POST http://127.0.0.1:57257/session/937191c92b3da6e79bf9ce9502f19168/elements {"using": "xpath", "value": "//*[contains(., 'Edit computer')]", "sessionId": "937191c92b3da6e79bf9ce9502f19168"}</msg>
<msg timestamp="20200117 12:46:09.143" level="DEBUG">http://127.0.0.1:57257 "POST /session/937191c92b3da6e79bf9ce9502f19168/elements HTTP/1.1" 200 213</msg>
<msg timestamp="20200117 12:46:09.143" level="DEBUG">Finished Request</msg>
<status status="PASS" starttime="20200117 12:46:09.013" endtime="20200117 12:46:09.144"></status>
</kw>
<msg timestamp="20200117 12:46:09.144" level="INFO">${status} = True</msg>
<status status="PASS" starttime="20200117 12:46:09.011" endtime="20200117 12:46:09.145"></status>
</kw>
<kw name="Run Keyword If" library="BuiltIn">
<doc>Runs the given keyword with the given arguments, if ``condition`` is true.</doc>
<arguments>
<arg>'${status}'=='True'</arg>
<arg>Log To Console</arg>
<arg>Edit Computer Page is opened Successfully</arg>
<arg>ELSE</arg>
<arg>Fail</arg>
<arg>The Edit Computer Page was not Launched</arg>
</arguments>
<kw name="Log To Console" library="BuiltIn">
<doc>Logs the given message to the console.</doc>
<arguments>
<arg>Edit Computer Page is opened Successfully</arg>
</arguments>
<status status="PASS" starttime="20200117 12:46:09.147" endtime="20200117 12:46:09.147"></status>
</kw>
<status status="PASS" starttime="20200117 12:46:09.145" endtime="20200117 12:46:09.148"></status>
</kw>
<status status="PASS" starttime="20200117 12:46:09.010" endtime="20200117 12:46:09.148"></status>
</kw>
<kw name="WHEN USER CLICKS ON DELETE BUTTON" library="DELETE">
<kw name="Execute Javascript" library="Selenium2Library">
<doc>Executes the given JavaScript code with possible arguments.</doc>
<arguments>
<arg>${deleteThisComputerObj}.click();</arg>
</arguments>
<msg timestamp="20200117 12:46:09.152" level="INFO">Executing JavaScript:
window.document.getElementsByClassName("btn danger")[0].click();
Without any arguments.</msg>
<msg timestamp="20200117 12:46:09.152" level="DEBUG">POST http://127.0.0.1:57257/session/937191c92b3da6e79bf9ce9502f19168/execute {"script": "window.document.getElementsByClassName(\"btn danger\")[0].click();", "args": [], "sessionId": "937191c92b3da6e79bf9ce9502f19168"}</msg>
<msg timestamp="20200117 12:46:09.914" level="DEBUG">http://127.0.0.1:57257 "POST /session/937191c92b3da6e79bf9ce9502f19168/execute HTTP/1.1" 200 72</msg>
<msg timestamp="20200117 12:46:09.915" level="DEBUG">Finished Request</msg>
<status status="PASS" starttime="20200117 12:46:09.150" endtime="20200117 12:46:09.915"></status>
</kw>
<status status="PASS" starttime="20200117 12:46:09.149" endtime="20200117 12:46:09.916"></status>
</kw>
<kw name="THEN COMPUTER SHOULD BE SUCCESSFULLY DELETED" library="DELETE">
<kw name="Run Keyword And Return Status" library="BuiltIn">
<doc>Runs the given keyword with given arguments and returns the status as a Boolean value.</doc>
<arguments>
<arg>Wait Until Page Contains</arg>
<arg>Add a new computer</arg>
<arg>30s</arg>
</arguments>
<assign>
<var>${status}</var>
</assign>
<kw name="Wait Until Page Contains" library="Selenium2Library">
<doc>Waits until ``text`` appears on the current page.</doc>
<arguments>
<arg>Add a new computer</arg>
<arg>30s</arg>
</arguments>
<msg timestamp="20200117 12:46:09.921" level="DEBUG">POST http://127.0.0.1:57257/session/937191c92b3da6e79bf9ce9502f19168/elements {"using": "xpath", "value": "//*[contains(., 'Add a new computer')]", "sessionId": "937191c92b3da6e79bf9ce9502f19168"}</msg>
<msg timestamp="20200117 12:46:10.028" level="DEBUG">http://127.0.0.1:57257 "POST /session/937191c92b3da6e79bf9ce9502f19168/elements HTTP/1.1" 200 239</msg>
<msg timestamp="20200117 12:46:10.029" level="DEBUG">Finished Request</msg>
<status status="PASS" starttime="20200117 12:46:09.917" endtime="20200117 12:46:10.029"></status>
</kw>
<msg timestamp="20200117 12:46:10.030" level="INFO">${status} = True</msg>
<status status="PASS" starttime="20200117 12:46:09.917" endtime="20200117 12:46:10.030"></status>
</kw>
<kw name="Run Keyword If" library="BuiltIn">
<doc>Runs the given keyword with the given arguments, if ``condition`` is true.</doc>
<arguments>
<arg>'${status}'=='True'</arg>
<arg>Log To Console</arg>
<arg>${\n}Home Page is opened Successfully after Updating a Computer</arg>
<arg>ELSE</arg>
<arg>Fail</arg>
<arg>${\n}The Home Page was not Launched after updating a computer</arg>
</arguments>
<kw name="Log To Console" library="BuiltIn">
<doc>Logs the given message to the console.</doc>
<arguments>
<arg>${\n}Home Page is opened Successfully after Updating a Computer</arg>
</arguments>
<status status="PASS" starttime="20200117 12:46:10.031" endtime="20200117 12:46:10.032"></status>
</kw>
<status status="PASS" starttime="20200117 12:46:10.030" endtime="20200117 12:46:10.032"></status>
</kw>
<kw name="Run Keyword And Return Status" library="BuiltIn">
<doc>Runs the given keyword with given arguments and returns the status as a Boolean value.</doc>
<arguments>
<arg>Wait Until Page Contains</arg>
<arg>Computer has been deleted</arg>
</arguments>
<assign>
<var>${status}</var>
</assign>
<kw name="Wait Until Page Contains" library="Selenium2Library">
<doc>Waits until ``text`` appears on the current page.</doc>
<arguments>
<arg>Computer has been deleted</arg>
</arguments>
<msg timestamp="20200117 12:46:10.034" level="DEBUG">POST http://127.0.0.1:57257/session/937191c92b3da6e79bf9ce9502f19168/elements {"using": "xpath", "value": "//*[contains(., 'Computer has been deleted')]", "sessionId": "937191c92b3da6e79bf9ce9502f19168"}</msg>
<msg timestamp="20200117 12:46:10.150" level="DEBUG">http://127.0.0.1:57257 "POST /session/937191c92b3da6e79bf9ce9502f19168/elements HTTP/1.1" 200 205</msg>
<msg timestamp="20200117 12:46:10.151" level="DEBUG">Finished Request</msg>
<status status="PASS" starttime="20200117 12:46:10.033" endtime="20200117 12:46:10.151"></status>
</kw>
<msg timestamp="20200117 12:46:10.151" level="INFO">${status} = True</msg>
<status status="PASS" starttime="20200117 12:46:10.033" endtime="20200117 12:46:10.151"></status>
</kw>
<kw name="Run Keyword If" library="BuiltIn">
<doc>Runs the given keyword with the given arguments, if ``condition`` is true.</doc>
<arguments>
<arg>'${status}'=='True'</arg>
<arg>Log To Console</arg>
<arg>Computer has been deleted</arg>
</arguments>
<kw name="Log To Console" library="BuiltIn">
<doc>Logs the given message to the console.</doc>
<arguments>
<arg>Computer has been deleted</arg>
</arguments>
<status status="PASS" starttime="20200117 12:46:10.153" endtime="20200117 12:46:10.154"></status>
</kw>
<status status="PASS" starttime="20200117 12:46:10.152" endtime="20200117 12:46:10.155"></status>
</kw>
<kw name="Execute Javascript" library="Selenium2Library">
<doc>Executes the given JavaScript code with possible arguments.</doc>
<arguments>
<arg>${numberOfComputerObj}</arg>
</arguments>
<assign>
<var>${numberOfComputer}</var>
</assign>
<msg timestamp="20200117 12:46:10.157" level="INFO">Executing JavaScript:
return window.document.getElementsByTagName("h1")[1].innerText
Without any arguments.</msg>
<msg timestamp="20200117 12:46:10.159" level="DEBUG">POST http://127.0.0.1:57257/session/937191c92b3da6e79bf9ce9502f19168/execute {"script": "return window.document.getElementsByTagName(\"h1\")[1].innerText", "args": [], "sessionId": "937191c92b3da6e79bf9ce9502f19168"}</msg>
<msg timestamp="20200117 12:46:10.185" level="DEBUG">http://127.0.0.1:57257 "POST /session/937191c92b3da6e79bf9ce9502f19168/execute HTTP/1.1" 200 89</msg>
<msg timestamp="20200117 12:46:10.186" level="DEBUG">Finished Request</msg>
<msg timestamp="20200117 12:46:10.186" level="INFO">${numberOfComputer} = 574 computers found</msg>
<status status="PASS" starttime="20200117 12:46:10.155" endtime="20200117 12:46:10.186"></status>
</kw>
<kw name="Split String" library="String">
<doc>Splits the ``string`` using ``separator`` as a delimiter string.</doc>
<arguments>
<arg>${numberOfComputer}</arg>
<arg>${SPACE}</arg>
</arguments>
<assign>
<var>${words}</var>
</assign>
<msg timestamp="20200117 12:46:10.187" level="INFO">${words} = ['574', 'computers', 'found']</msg>
<status status="PASS" starttime="20200117 12:46:10.187" endtime="20200117 12:46:10.188"></status>
</kw>
<kw name="Log To Console" library="BuiltIn">
<doc>Logs the given message to the console.</doc>
<arguments>
<arg>Number of Computer after adding = ${words}[0]</arg>
</arguments>
<status status="PASS" starttime="20200117 12:46:10.188" endtime="20200117 12:46:10.201"></status>
</kw>
<kw name="Convert To Integer" library="BuiltIn">
<doc>Converts the given item to an integer number.</doc>
<arguments>
<arg>${words}[0]</arg>
</arguments>
<assign>
<var>${numberOfComputerAfterDeletion}</var>
</assign>
<msg timestamp="20200117 12:46:10.204" level="DEBUG">Argument types are:
&lt;type 'unicode'&gt;</msg>
<msg timestamp="20200117 12:46:10.205" level="INFO">${numberOfComputerAfterDeletion} = 574</msg>
<status status="PASS" starttime="20200117 12:46:10.203" endtime="20200117 12:46:10.205"></status>
</kw>
<kw name="Evaluate" library="BuiltIn">
<doc>Evaluates the given expression in Python and returns the results.</doc>
<arguments>
<arg>${numberOfComputerAfterDeletion}+1</arg>
</arguments>
<assign>
<var>${numberOfComputerAfterDeletion}</var>
</assign>
<msg timestamp="20200117 12:46:10.208" level="INFO">${numberOfComputerAfterDeletion} = 575</msg>
<status status="PASS" starttime="20200117 12:46:10.208" endtime="20200117 12:46:10.209"></status>
</kw>
<kw name="Run Keyword If" library="BuiltIn">
<doc>Runs the given keyword with the given arguments, if ``condition`` is true.</doc>
<arguments>
<arg>'${numberOfComputerAfterDeletion}'=='${numberOfComputerBeforeDeletion}'</arg>
<arg>Log To Console</arg>
<arg>The Count of Computer is decreased by One</arg>
</arguments>
<kw name="Log To Console" library="BuiltIn">
<doc>Logs the given message to the console.</doc>
<arguments>
<arg>The Count of Computer is decreased by One</arg>
</arguments>
<status status="PASS" starttime="20200117 12:46:10.211" endtime="20200117 12:46:10.211"></status>
</kw>
<status status="PASS" starttime="20200117 12:46:10.209" endtime="20200117 12:46:10.211"></status>
</kw>
<kw name="Run Keyword Unless" library="BuiltIn">
<doc>Runs the given keyword with the given arguments if ``condition`` is false.</doc>
<arguments>
<arg>'${numberOfComputerAfterDeletion}'=='${numberOfComputerBeforeDeletion}'</arg>
<arg>Fail</arg>
<arg>It Failed to decrease the count even the computer is deleted</arg>
</arguments>
<status status="PASS" starttime="20200117 12:46:10.212" endtime="20200117 12:46:10.212"></status>
</kw>
<status status="PASS" starttime="20200117 12:46:09.916" endtime="20200117 12:46:10.213"></status>
</kw>
<tags>
<tag>regression</tag>
</tags>
<status status="PASS" starttime="20200117 12:44:50.378" endtime="20200117 12:46:10.213" critical="yes"></status>
</test>
<status status="PASS" starttime="20200117 12:44:34.680" endtime="20200117 12:46:10.215"></status>
</suite>
<status status="PASS" starttime="20200117 12:41:56.818" endtime="20200117 12:46:10.219"></status>
</suite>
<status status="PASS" starttime="20200117 12:41:56.694" endtime="20200117 12:46:10.223"></status>
</suite>
<statistics>
<total>
<stat pass="4" fail="0">Critical Tests</stat>
<stat pass="4" fail="0">All Tests</stat>
</total>
<tag>
<stat pass="4" fail="0">regression</stat>
</tag>
<suite>
<stat pass="4" fail="0" id="s1" name="Robot-Framework-Automation">Robot-Framework-Automation</stat>
<stat pass="4" fail="0" id="s1-s1" name="TestSuite">Robot-Framework-Automation.TestSuite</stat>
<stat pass="1" fail="0" id="s1-s1-s1" name="1.CREATE-A-COMPUTER">Robot-Framework-Automation.TestSuite.1.CREATE-A-COMPUTER</stat>
<stat pass="1" fail="0" id="s1-s1-s2" name="2.SEARCH-A-COMPUTER">Robot-Framework-Automation.TestSuite.2.SEARCH-A-COMPUTER</stat>
<stat pass="1" fail="0" id="s1-s1-s3" name="3.UPDATE-A-COMPUTER">Robot-Framework-Automation.TestSuite.3.UPDATE-A-COMPUTER</stat>
<stat pass="1" fail="0" id="s1-s1-s4" name="4.DELETE-A-COMPUTER">Robot-Framework-Automation.TestSuite.4.DELETE-A-COMPUTER</stat>
</suite>
</statistics>
<errors>
</errors>
</robot>
